2020-08-31 17:39:34 INFO  Log4j:29 - 
Inside TestNG > @BeforeSuite
2020-08-31 17:39:35 INFO  Log4j:48 - 
Inside TestNG > @DataProvider
2020-08-31 17:39:35 INFO  Log4j:40 - 
Inside TestNG > @Test
2020-08-31 17:39:35 INFO  Log4j:241 - Logger initialized and writing using logger
2020-08-31 17:39:35 INFO  Log4j:242 - 
Inside setup
2020-08-31 17:39:42 INFO  Log4j:58 - It is in else If block
2020-08-31 17:39:48 INFO  Log4j:205 - Launching site .. 
2020-08-31 17:39:48 INFO  Log4j:207 - Trying to login with Username:
2020-08-31 17:39:49 INFO  Log4j:211 - Trying to login with Password:
2020-08-31 17:39:50 INFO  Log4j:214 - Clicking on login button 
2020-08-31 17:39:53 INFO  Log4j:53 - Total number of rows present in the sheet: 2521
2020-08-31 17:39:53 INFO  Log4j:55 - Total number of columns present in the sheet: 5
2020-08-31 17:40:00 INFO  Log4j:113 - Clicking on All Regions filter
2020-08-31 17:40:00 INFO  Log4j:120 - Selecting subnational China
2020-08-31 17:40:04 INFO  Log4j:330 - WebElements size is on site: 31
2020-08-31 17:40:05 INFO  Log4j:340 - Both list have same size of 31
2020-08-31 17:40:05 INFO  Log4j:348 - Web element Anhui Found in Excel
2020-08-31 17:40:05 INFO  Log4j:348 - Web element Beijing Found in Excel
2020-08-31 17:40:05 INFO  Log4j:348 - Web element Chongqing Found in Excel
2020-08-31 17:40:05 INFO  Log4j:348 - Web element Fujian Found in Excel
2020-08-31 17:40:05 INFO  Log4j:348 - Web element Gansu Found in Excel
2020-08-31 17:40:05 INFO  Log4j:348 - Web element Guangdong Found in Excel
2020-08-31 17:40:05 INFO  Log4j:348 - Web element Guangxi Found in Excel
2020-08-31 17:40:05 INFO  Log4j:348 - Web element Guizhou Found in Excel
2020-08-31 17:40:05 INFO  Log4j:348 - Web element Hainan Found in Excel
2020-08-31 17:40:05 INFO  Log4j:348 - Web element Hebei Found in Excel
2020-08-31 17:40:05 INFO  Log4j:348 - Web element Heilongjiang Found in Excel
2020-08-31 17:40:05 INFO  Log4j:348 - Web element Henan Found in Excel
2020-08-31 17:40:05 INFO  Log4j:348 - Web element Hubei Found in Excel
2020-08-31 17:40:05 INFO  Log4j:348 - Web element Hunan Found in Excel
2020-08-31 17:40:05 INFO  Log4j:348 - Web element Inner Mongolia Found in Excel
2020-08-31 17:40:05 INFO  Log4j:348 - Web element Jiangsu Found in Excel
2020-08-31 17:40:05 INFO  Log4j:348 - Web element Jiangxi Found in Excel
2020-08-31 17:40:05 INFO  Log4j:348 - Web element Jilin Found in Excel
2020-08-31 17:40:05 INFO  Log4j:348 - Web element Liaoning Found in Excel
2020-08-31 17:40:05 INFO  Log4j:348 - Web element Ningxia Found in Excel
2020-08-31 17:40:05 INFO  Log4j:348 - Web element Qinghai Found in Excel
2020-08-31 17:40:05 INFO  Log4j:348 - Web element Shaanxi Found in Excel
2020-08-31 17:40:05 INFO  Log4j:348 - Web element Shandong Found in Excel
2020-08-31 17:40:05 INFO  Log4j:348 - Web element Shanghai Found in Excel
2020-08-31 17:40:05 INFO  Log4j:348 - Web element Shanxi Found in Excel
2020-08-31 17:40:05 INFO  Log4j:348 - Web element Sichuan Found in Excel
2020-08-31 17:40:05 INFO  Log4j:348 - Web element Tianjin Found in Excel
2020-08-31 17:40:05 INFO  Log4j:348 - Web element Tibet Found in Excel
2020-08-31 17:40:05 INFO  Log4j:348 - Web element Xinjiang Found in Excel
2020-08-31 17:40:05 INFO  Log4j:348 - Web element Yunnan Found in Excel
2020-08-31 17:40:05 INFO  Log4j:348 - Web element Zhejiang Found in Excel
2020-08-31 17:40:05 INFO  Log4j:356 - Excel item Anhui found on site
2020-08-31 17:40:05 INFO  Log4j:356 - Excel item Beijing found on site
2020-08-31 17:40:05 INFO  Log4j:356 - Excel item Chongqing found on site
2020-08-31 17:40:05 INFO  Log4j:356 - Excel item Fujian found on site
2020-08-31 17:40:05 INFO  Log4j:356 - Excel item Gansu found on site
2020-08-31 17:40:05 INFO  Log4j:356 - Excel item Guangdong found on site
2020-08-31 17:40:05 INFO  Log4j:356 - Excel item Guangxi found on site
2020-08-31 17:40:05 INFO  Log4j:356 - Excel item Guizhou found on site
2020-08-31 17:40:05 INFO  Log4j:356 - Excel item Hainan found on site
2020-08-31 17:40:05 INFO  Log4j:356 - Excel item Hebei found on site
2020-08-31 17:40:05 INFO  Log4j:356 - Excel item Heilongjiang found on site
2020-08-31 17:40:05 INFO  Log4j:356 - Excel item Henan found on site
2020-08-31 17:40:05 INFO  Log4j:356 - Excel item Hubei found on site
2020-08-31 17:40:05 INFO  Log4j:356 - Excel item Hunan found on site
2020-08-31 17:40:05 INFO  Log4j:356 - Excel item Inner Mongolia found on site
2020-08-31 17:40:05 INFO  Log4j:356 - Excel item Jiangsu found on site
2020-08-31 17:40:05 INFO  Log4j:356 - Excel item Jiangxi found on site
2020-08-31 17:40:05 INFO  Log4j:356 - Excel item Jilin found on site
2020-08-31 17:40:05 INFO  Log4j:356 - Excel item Liaoning found on site
2020-08-31 17:40:05 INFO  Log4j:356 - Excel item Ningxia found on site
2020-08-31 17:40:05 INFO  Log4j:356 - Excel item Qinghai found on site
2020-08-31 17:40:05 INFO  Log4j:356 - Excel item Shaanxi found on site
2020-08-31 17:40:05 INFO  Log4j:356 - Excel item Shandong found on site
2020-08-31 17:40:05 INFO  Log4j:356 - Excel item Shanghai found on site
2020-08-31 17:40:05 INFO  Log4j:356 - Excel item Shanxi found on site
2020-08-31 17:40:05 INFO  Log4j:356 - Excel item Sichuan found on site
2020-08-31 17:40:05 INFO  Log4j:356 - Excel item Tianjin found on site
2020-08-31 17:40:05 INFO  Log4j:356 - Excel item Tibet found on site
2020-08-31 17:40:05 INFO  Log4j:356 - Excel item Xinjiang found on site
2020-08-31 17:40:05 INFO  Log4j:356 - Excel item Yunnan found on site
2020-08-31 17:40:05 INFO  Log4j:356 - Excel item Zhejiang found on site
2020-08-31 17:40:05 INFO  Log4j:144 - Province size is: 31
2020-08-31 17:40:06 INFO  Log4j:150 - Province in Excel is: Anhui
2020-08-31 17:40:06 INFO  Log4j:151 - Prefecture Count in Excel is: 16
2020-08-31 17:40:06 INFO  Log4j:156 - 0
2020-08-31 17:40:06 INFO  Log4j:330 - WebElements size is on site: 15
2020-08-31 17:40:06 ERROR Log4j:342 - ERROR : We have 16 elements in Excel but see only 15 elements on site
2020-08-31 17:40:06 INFO  Log4j:348 - Web element Anqing Found in Excel
2020-08-31 17:40:06 INFO  Log4j:348 - Web element Bengbu Found in Excel
2020-08-31 17:40:06 INFO  Log4j:348 - Web element Chizhou Found in Excel
2020-08-31 17:40:06 INFO  Log4j:348 - Web element Chuzhou Found in Excel
2020-08-31 17:40:06 INFO  Log4j:348 - Web element Fuyang Found in Excel
2020-08-31 17:40:06 INFO  Log4j:348 - Web element Hefei Found in Excel
2020-08-31 17:40:06 INFO  Log4j:348 - Web element Huaibei Found in Excel
2020-08-31 17:40:06 INFO  Log4j:348 - Web element Huainan Found in Excel
2020-08-31 17:40:06 INFO  Log4j:348 - Web element Huangshan Found in Excel
2020-08-31 17:40:06 INFO  Log4j:348 - Web element Lu'an Found in Excel
2020-08-31 17:40:06 INFO  Log4j:348 - Web element Maanshan Found in Excel
2020-08-31 17:40:06 INFO  Log4j:348 - Web element Suzhou Found in Excel
2020-08-31 17:40:06 INFO  Log4j:348 - Web element Tongling Found in Excel
2020-08-31 17:40:06 INFO  Log4j:348 - Web element Wuhu Found in Excel
2020-08-31 17:40:06 INFO  Log4j:348 - Web element Xuancheng Found in Excel
2020-08-31 17:40:06 INFO  Log4j:356 - Excel item Anqing found on site
2020-08-31 17:40:06 INFO  Log4j:356 - Excel item Bengbu found on site
2020-08-31 17:40:06 ERROR Log4j:358 - ERROR : We don't find Bozhou in on Site
2020-08-31 17:40:06 INFO  Log4j:356 - Excel item Chizhou found on site
2020-08-31 17:40:06 INFO  Log4j:356 - Excel item Chuzhou found on site
2020-08-31 17:40:06 INFO  Log4j:356 - Excel item Fuyang found on site
2020-08-31 17:40:06 INFO  Log4j:356 - Excel item Hefei found on site
2020-08-31 17:40:06 INFO  Log4j:356 - Excel item Huaibei found on site
2020-08-31 17:40:06 INFO  Log4j:356 - Excel item Huainan found on site
2020-08-31 17:40:06 INFO  Log4j:356 - Excel item Huangshan found on site
2020-08-31 17:40:06 INFO  Log4j:356 - Excel item Lu'an found on site
2020-08-31 17:40:06 INFO  Log4j:356 - Excel item Maanshan found on site
2020-08-31 17:40:06 INFO  Log4j:356 - Excel item Suzhou found on site
2020-08-31 17:40:06 INFO  Log4j:356 - Excel item Tongling found on site
2020-08-31 17:40:06 INFO  Log4j:356 - Excel item Wuhu found on site
2020-08-31 17:40:06 INFO  Log4j:356 - Excel item Xuancheng found on site
2020-08-31 17:40:08 INFO  Log4j:150 - Province in Excel is: Beijing
2020-08-31 17:40:08 INFO  Log4j:151 - Prefecture Count in Excel is: 18
2020-08-31 17:40:08 INFO  Log4j:156 - 1
2020-08-31 17:40:08 INFO  Log4j:330 - WebElements size is on site: 18
2020-08-31 17:40:08 INFO  Log4j:340 - Both list have same size of 18
2020-08-31 17:40:08 INFO  Log4j:348 - Web element Changping Found in Excel
2020-08-31 17:40:08 INFO  Log4j:348 - Web element Chaoyang Found in Excel
2020-08-31 17:40:08 INFO  Log4j:348 - Web element Chongwen Found in Excel
2020-08-31 17:40:08 INFO  Log4j:348 - Web element Daxing Found in Excel
2020-08-31 17:40:08 INFO  Log4j:348 - Web element Dongcheng Found in Excel
2020-08-31 17:40:08 INFO  Log4j:348 - Web element Fangshan Found in Excel
2020-08-31 17:40:08 INFO  Log4j:348 - Web element Fengtai Found in Excel
2020-08-31 17:40:08 INFO  Log4j:348 - Web element Haidian Found in Excel
2020-08-31 17:40:08 INFO  Log4j:348 - Web element Huairou Found in Excel
2020-08-31 17:40:08 INFO  Log4j:348 - Web element Mentougou Found in Excel
2020-08-31 17:40:08 INFO  Log4j:348 - Web element Miyun Found in Excel
2020-08-31 17:40:08 INFO  Log4j:348 - Web element Pinggu Found in Excel
2020-08-31 17:40:08 INFO  Log4j:348 - Web element Shijingshan Found in Excel
2020-08-31 17:40:08 INFO  Log4j:348 - Web element Shunyi Found in Excel
2020-08-31 17:40:08 INFO  Log4j:348 - Web element Tongzhou Found in Excel
2020-08-31 17:40:08 INFO  Log4j:348 - Web element Xicheng Found in Excel
2020-08-31 17:40:08 INFO  Log4j:348 - Web element Xuanwu Found in Excel
2020-08-31 17:40:08 INFO  Log4j:348 - Web element Yanqing Found in Excel
2020-08-31 17:40:08 INFO  Log4j:356 - Excel item Changping found on site
2020-08-31 17:40:08 INFO  Log4j:356 - Excel item Chaoyang found on site
2020-08-31 17:40:08 INFO  Log4j:356 - Excel item Chongwen found on site
2020-08-31 17:40:08 INFO  Log4j:356 - Excel item Daxing found on site
2020-08-31 17:40:08 INFO  Log4j:356 - Excel item Dongcheng found on site
2020-08-31 17:40:08 INFO  Log4j:356 - Excel item Fangshan found on site
2020-08-31 17:40:08 INFO  Log4j:356 - Excel item Fengtai found on site
2020-08-31 17:40:08 INFO  Log4j:356 - Excel item Haidian found on site
2020-08-31 17:40:08 INFO  Log4j:356 - Excel item Huairou found on site
2020-08-31 17:40:08 INFO  Log4j:356 - Excel item Mentougou found on site
2020-08-31 17:40:08 INFO  Log4j:356 - Excel item Miyun found on site
2020-08-31 17:40:08 INFO  Log4j:356 - Excel item Pinggu found on site
2020-08-31 17:40:08 INFO  Log4j:356 - Excel item Shijingshan found on site
2020-08-31 17:40:08 INFO  Log4j:356 - Excel item Shunyi found on site
2020-08-31 17:40:08 INFO  Log4j:356 - Excel item Tongzhou found on site
2020-08-31 17:40:08 INFO  Log4j:356 - Excel item Xicheng found on site
2020-08-31 17:40:08 INFO  Log4j:356 - Excel item Xuanwu found on site
2020-08-31 17:40:08 INFO  Log4j:356 - Excel item Yanqing found on site
2020-08-31 17:40:09 INFO  Log4j:150 - Province in Excel is: Chongqing
2020-08-31 17:40:09 INFO  Log4j:151 - Prefecture Count in Excel is: 40
2020-08-31 17:40:09 INFO  Log4j:156 - 2
2020-08-31 17:40:09 INFO  Log4j:330 - WebElements size is on site: 40
2020-08-31 17:40:10 INFO  Log4j:340 - Both list have same size of 40
2020-08-31 17:40:10 INFO  Log4j:348 - Web element Banan Found in Excel
2020-08-31 17:40:10 INFO  Log4j:348 - Web element Beibei Found in Excel
2020-08-31 17:40:10 INFO  Log4j:348 - Web element Bishan Found in Excel
2020-08-31 17:40:10 INFO  Log4j:348 - Web element Changshou Found in Excel
2020-08-31 17:40:10 INFO  Log4j:348 - Web element Chengkou Found in Excel
2020-08-31 17:40:10 INFO  Log4j:348 - Web element Dadukou Found in Excel
2020-08-31 17:40:10 INFO  Log4j:348 - Web element Dazu Found in Excel
2020-08-31 17:40:10 INFO  Log4j:348 - Web element Dianjiang Found in Excel
2020-08-31 17:40:10 INFO  Log4j:348 - Web element Fengdu Found in Excel
2020-08-31 17:40:10 INFO  Log4j:348 - Web element Fengjie Found in Excel
2020-08-31 17:40:10 INFO  Log4j:348 - Web element Fuling Found in Excel
2020-08-31 17:40:10 INFO  Log4j:348 - Web element Hechuan Found in Excel
2020-08-31 17:40:10 INFO  Log4j:348 - Web element Jiangbei Found in Excel
2020-08-31 17:40:10 INFO  Log4j:348 - Web element Jiangjin Found in Excel
2020-08-31 17:40:10 INFO  Log4j:348 - Web element Jiulongpo Found in Excel
2020-08-31 17:40:10 INFO  Log4j:348 - Web element Kai Found in Excel
2020-08-31 17:40:10 INFO  Log4j:348 - Web element Liangping Found in Excel
2020-08-31 17:40:10 INFO  Log4j:348 - Web element Nan'an Found in Excel
2020-08-31 17:40:10 INFO  Log4j:348 - Web element Nanchuan Found in Excel
2020-08-31 17:40:10 INFO  Log4j:348 - Web element Pengshui Found in Excel
2020-08-31 17:40:10 INFO  Log4j:348 - Web element Qianjiang Found in Excel
2020-08-31 17:40:10 INFO  Log4j:348 - Web element Qijiang Found in Excel
2020-08-31 17:40:10 INFO  Log4j:348 - Web element Rongchang Found in Excel
2020-08-31 17:40:10 INFO  Log4j:348 - Web element Shapingba Found in Excel
2020-08-31 17:40:10 INFO  Log4j:348 - Web element Shizhu Found in Excel
2020-08-31 17:40:10 INFO  Log4j:348 - Web element Shuangqiao Found in Excel
2020-08-31 17:40:10 INFO  Log4j:348 - Web element Tongliang Found in Excel
2020-08-31 17:40:10 INFO  Log4j:348 - Web element Tongnan Found in Excel
2020-08-31 17:40:10 INFO  Log4j:348 - Web element Wansheng Found in Excel
2020-08-31 17:40:10 INFO  Log4j:348 - Web element Wanzhou Found in Excel
2020-08-31 17:40:10 INFO  Log4j:348 - Web element Wulong Found in Excel
2020-08-31 17:40:10 INFO  Log4j:348 - Web element Wushan Found in Excel
2020-08-31 17:40:10 INFO  Log4j:348 - Web element Wuxi Found in Excel
2020-08-31 17:40:10 INFO  Log4j:348 - Web element Xiushan Found in Excel
2020-08-31 17:40:10 INFO  Log4j:348 - Web element Yongchuan Found in Excel
2020-08-31 17:40:10 INFO  Log4j:348 - Web element Youyang Found in Excel
2020-08-31 17:40:10 INFO  Log4j:348 - Web element Yubei Found in Excel
2020-08-31 17:40:10 INFO  Log4j:348 - Web element Yunyang Found in Excel
2020-08-31 17:40:10 INFO  Log4j:348 - Web element Yuzhong Found in Excel
2020-08-31 17:40:10 INFO  Log4j:348 - Web element Zhong Found in Excel
2020-08-31 17:40:10 INFO  Log4j:356 - Excel item Banan found on site
2020-08-31 17:40:10 INFO  Log4j:356 - Excel item Beibei found on site
2020-08-31 17:40:10 INFO  Log4j:356 - Excel item Bishan found on site
2020-08-31 17:40:10 INFO  Log4j:356 - Excel item Changshou found on site
2020-08-31 17:40:10 INFO  Log4j:356 - Excel item Chengkou found on site
2020-08-31 17:40:10 INFO  Log4j:356 - Excel item Dadukou found on site
2020-08-31 17:40:10 INFO  Log4j:356 - Excel item Dazu found on site
2020-08-31 17:40:10 INFO  Log4j:356 - Excel item Dianjiang found on site
2020-08-31 17:40:10 INFO  Log4j:356 - Excel item Fengdu found on site
2020-08-31 17:40:10 INFO  Log4j:356 - Excel item Fengjie found on site
2020-08-31 17:40:10 INFO  Log4j:356 - Excel item Fuling found on site
2020-08-31 17:40:10 INFO  Log4j:356 - Excel item Hechuan found on site
2020-08-31 17:40:10 INFO  Log4j:356 - Excel item Jiangbei found on site
2020-08-31 17:40:10 INFO  Log4j:356 - Excel item Jiangjin found on site
2020-08-31 17:40:10 INFO  Log4j:356 - Excel item Jiulongpo found on site
2020-08-31 17:40:10 INFO  Log4j:356 - Excel item Kai found on site
2020-08-31 17:40:10 INFO  Log4j:356 - Excel item Liangping found on site
2020-08-31 17:40:10 INFO  Log4j:356 - Excel item Nan'an found on site
2020-08-31 17:40:10 INFO  Log4j:356 - Excel item Nanchuan found on site
2020-08-31 17:40:10 INFO  Log4j:356 - Excel item Pengshui found on site
2020-08-31 17:40:10 INFO  Log4j:356 - Excel item Qianjiang found on site
2020-08-31 17:40:10 INFO  Log4j:356 - Excel item Qijiang found on site
2020-08-31 17:40:10 INFO  Log4j:356 - Excel item Rongchang found on site
2020-08-31 17:40:10 INFO  Log4j:356 - Excel item Shapingba found on site
2020-08-31 17:40:10 INFO  Log4j:356 - Excel item Shizhu found on site
2020-08-31 17:40:10 INFO  Log4j:356 - Excel item Shuangqiao found on site
2020-08-31 17:40:10 INFO  Log4j:356 - Excel item Tongliang found on site
2020-08-31 17:40:10 INFO  Log4j:356 - Excel item Tongnan found on site
2020-08-31 17:40:10 INFO  Log4j:356 - Excel item Wansheng found on site
2020-08-31 17:40:10 INFO  Log4j:356 - Excel item Wanzhou found on site
2020-08-31 17:40:10 INFO  Log4j:356 - Excel item Wulong found on site
2020-08-31 17:40:10 INFO  Log4j:356 - Excel item Wushan found on site
2020-08-31 17:40:10 INFO  Log4j:356 - Excel item Wuxi found on site
2020-08-31 17:40:10 INFO  Log4j:356 - Excel item Xiushan found on site
2020-08-31 17:40:10 INFO  Log4j:356 - Excel item Yongchuan found on site
2020-08-31 17:40:10 INFO  Log4j:356 - Excel item Youyang found on site
2020-08-31 17:40:10 INFO  Log4j:356 - Excel item Yubei found on site
2020-08-31 17:40:10 INFO  Log4j:356 - Excel item Yunyang found on site
2020-08-31 17:40:10 INFO  Log4j:356 - Excel item Yuzhong found on site
2020-08-31 17:40:10 INFO  Log4j:356 - Excel item Zhong found on site
2020-08-31 17:40:11 INFO  Log4j:150 - Province in Excel is: Fujian
2020-08-31 17:40:11 INFO  Log4j:151 - Prefecture Count in Excel is: 9
2020-08-31 17:40:11 INFO  Log4j:156 - 3
2020-08-31 17:40:11 INFO  Log4j:330 - WebElements size is on site: 9
2020-08-31 17:40:11 INFO  Log4j:340 - Both list have same size of 9
2020-08-31 17:40:11 INFO  Log4j:348 - Web element Fuzhou Found in Excel
2020-08-31 17:40:11 INFO  Log4j:348 - Web element Longyan Found in Excel
2020-08-31 17:40:11 INFO  Log4j:348 - Web element Nanping Found in Excel
2020-08-31 17:40:11 INFO  Log4j:348 - Web element Ningde Found in Excel
2020-08-31 17:40:11 INFO  Log4j:348 - Web element Putian Found in Excel
2020-08-31 17:40:11 INFO  Log4j:348 - Web element Quanzhou Found in Excel
2020-08-31 17:40:11 INFO  Log4j:348 - Web element Sanming Found in Excel
2020-08-31 17:40:11 INFO  Log4j:348 - Web element Xiamen Found in Excel
2020-08-31 17:40:11 INFO  Log4j:348 - Web element Zhangzhou Found in Excel
2020-08-31 17:40:11 INFO  Log4j:356 - Excel item Fuzhou found on site
2020-08-31 17:40:11 INFO  Log4j:356 - Excel item Longyan found on site
2020-08-31 17:40:11 INFO  Log4j:356 - Excel item Nanping found on site
2020-08-31 17:40:11 INFO  Log4j:356 - Excel item Ningde found on site
2020-08-31 17:40:11 INFO  Log4j:356 - Excel item Putian found on site
2020-08-31 17:40:11 INFO  Log4j:356 - Excel item Quanzhou found on site
2020-08-31 17:40:11 INFO  Log4j:356 - Excel item Sanming found on site
2020-08-31 17:40:11 INFO  Log4j:356 - Excel item Xiamen found on site
2020-08-31 17:40:11 INFO  Log4j:356 - Excel item Zhangzhou found on site
2020-08-31 17:40:13 INFO  Log4j:150 - Province in Excel is: Gansu
2020-08-31 17:40:13 INFO  Log4j:151 - Prefecture Count in Excel is: 14
2020-08-31 17:40:13 INFO  Log4j:156 - 4
2020-08-31 17:40:13 INFO  Log4j:330 - WebElements size is on site: 14
2020-08-31 17:40:13 INFO  Log4j:340 - Both list have same size of 14
2020-08-31 17:40:13 INFO  Log4j:348 - Web element Baiyin Found in Excel
2020-08-31 17:40:13 INFO  Log4j:348 - Web element Dingxi Found in Excel
2020-08-31 17:40:13 INFO  Log4j:348 - Web element Gannan Found in Excel
2020-08-31 17:40:13 INFO  Log4j:348 - Web element Jiayuguan Found in Excel
2020-08-31 17:40:13 INFO  Log4j:348 - Web element Jinchang Found in Excel
2020-08-31 17:40:13 INFO  Log4j:348 - Web element Jiuquan Found in Excel
2020-08-31 17:40:13 INFO  Log4j:348 - Web element Lanzhou Found in Excel
2020-08-31 17:40:13 INFO  Log4j:348 - Web element Linxia Found in Excel
2020-08-31 17:40:13 INFO  Log4j:348 - Web element Longnan Found in Excel
2020-08-31 17:40:13 INFO  Log4j:348 - Web element Pingliang Found in Excel
2020-08-31 17:40:13 INFO  Log4j:348 - Web element Qingyang Found in Excel
2020-08-31 17:40:13 INFO  Log4j:348 - Web element Tianshui Found in Excel
2020-08-31 17:40:13 INFO  Log4j:348 - Web element Wuwei Found in Excel
2020-08-31 17:40:13 INFO  Log4j:348 - Web element Zhangye Found in Excel
2020-08-31 17:40:13 INFO  Log4j:356 - Excel item Baiyin found on site
2020-08-31 17:40:13 INFO  Log4j:356 - Excel item Dingxi found on site
2020-08-31 17:40:13 INFO  Log4j:356 - Excel item Gannan found on site
2020-08-31 17:40:13 INFO  Log4j:356 - Excel item Jiayuguan found on site
2020-08-31 17:40:13 INFO  Log4j:356 - Excel item Jinchang found on site
2020-08-31 17:40:13 INFO  Log4j:356 - Excel item Jiuquan found on site
2020-08-31 17:40:13 INFO  Log4j:356 - Excel item Lanzhou found on site
2020-08-31 17:40:13 INFO  Log4j:356 - Excel item Linxia found on site
2020-08-31 17:40:13 INFO  Log4j:356 - Excel item Longnan found on site
2020-08-31 17:40:13 INFO  Log4j:356 - Excel item Pingliang found on site
2020-08-31 17:40:13 INFO  Log4j:356 - Excel item Qingyang found on site
2020-08-31 17:40:13 INFO  Log4j:356 - Excel item Tianshui found on site
2020-08-31 17:40:13 INFO  Log4j:356 - Excel item Wuwei found on site
2020-08-31 17:40:13 INFO  Log4j:356 - Excel item Zhangye found on site
2020-08-31 17:40:14 INFO  Log4j:150 - Province in Excel is: Guangdong
2020-08-31 17:40:14 INFO  Log4j:151 - Prefecture Count in Excel is: 21
2020-08-31 17:40:14 INFO  Log4j:156 - 5
2020-08-31 17:40:14 INFO  Log4j:330 - WebElements size is on site: 21
2020-08-31 17:40:15 INFO  Log4j:340 - Both list have same size of 21
2020-08-31 17:40:15 INFO  Log4j:348 - Web element Chaozhou Found in Excel
2020-08-31 17:40:15 INFO  Log4j:348 - Web element Dongguan Found in Excel
2020-08-31 17:40:15 INFO  Log4j:348 - Web element Foshan Found in Excel
2020-08-31 17:40:15 INFO  Log4j:348 - Web element Guangzhou Found in Excel
2020-08-31 17:40:15 INFO  Log4j:348 - Web element Heyuan Found in Excel
2020-08-31 17:40:15 INFO  Log4j:348 - Web element Huizhou Found in Excel
2020-08-31 17:40:15 INFO  Log4j:348 - Web element Jiangmen Found in Excel
2020-08-31 17:40:15 INFO  Log4j:348 - Web element Jieyang Found in Excel
2020-08-31 17:40:15 INFO  Log4j:348 - Web element Maoming Found in Excel
2020-08-31 17:40:15 INFO  Log4j:348 - Web element Meizhou Found in Excel
2020-08-31 17:40:15 INFO  Log4j:348 - Web element Qingyuan Found in Excel
2020-08-31 17:40:15 INFO  Log4j:348 - Web element Shantou Found in Excel
2020-08-31 17:40:15 INFO  Log4j:348 - Web element Shanwei Found in Excel
2020-08-31 17:40:15 INFO  Log4j:348 - Web element Shaoguan Found in Excel
2020-08-31 17:40:15 INFO  Log4j:348 - Web element Shenzhen Found in Excel
2020-08-31 17:40:15 INFO  Log4j:348 - Web element Yangjiang Found in Excel
2020-08-31 17:40:15 INFO  Log4j:348 - Web element Yunfu Found in Excel
2020-08-31 17:40:15 INFO  Log4j:348 - Web element Zhanjiang Found in Excel
2020-08-31 17:40:15 INFO  Log4j:348 - Web element Zhaoqing Found in Excel
2020-08-31 17:40:15 INFO  Log4j:348 - Web element Zhongshan Found in Excel
2020-08-31 17:40:15 INFO  Log4j:348 - Web element Zhuhai Found in Excel
2020-08-31 17:40:15 INFO  Log4j:356 - Excel item Chaozhou found on site
2020-08-31 17:40:15 INFO  Log4j:356 - Excel item Dongguan found on site
2020-08-31 17:40:15 INFO  Log4j:356 - Excel item Foshan found on site
2020-08-31 17:40:15 INFO  Log4j:356 - Excel item Guangzhou found on site
2020-08-31 17:40:15 INFO  Log4j:356 - Excel item Heyuan found on site
2020-08-31 17:40:15 INFO  Log4j:356 - Excel item Huizhou found on site
2020-08-31 17:40:15 INFO  Log4j:356 - Excel item Jiangmen found on site
2020-08-31 17:40:15 INFO  Log4j:356 - Excel item Jieyang found on site
2020-08-31 17:40:15 INFO  Log4j:356 - Excel item Maoming found on site
2020-08-31 17:40:15 INFO  Log4j:356 - Excel item Meizhou found on site
2020-08-31 17:40:15 INFO  Log4j:356 - Excel item Qingyuan found on site
2020-08-31 17:40:15 INFO  Log4j:356 - Excel item Shantou found on site
2020-08-31 17:40:15 INFO  Log4j:356 - Excel item Shanwei found on site
2020-08-31 17:40:15 INFO  Log4j:356 - Excel item Shaoguan found on site
2020-08-31 17:40:15 INFO  Log4j:356 - Excel item Shenzhen found on site
2020-08-31 17:40:15 INFO  Log4j:356 - Excel item Yangjiang found on site
2020-08-31 17:40:15 INFO  Log4j:356 - Excel item Yunfu found on site
2020-08-31 17:40:15 INFO  Log4j:356 - Excel item Zhanjiang found on site
2020-08-31 17:40:15 INFO  Log4j:356 - Excel item Zhaoqing found on site
2020-08-31 17:40:15 INFO  Log4j:356 - Excel item Zhongshan found on site
2020-08-31 17:40:15 INFO  Log4j:356 - Excel item Zhuhai found on site
2020-08-31 17:40:16 INFO  Log4j:150 - Province in Excel is: Guangxi
2020-08-31 17:40:16 INFO  Log4j:151 - Prefecture Count in Excel is: 14
2020-08-31 17:40:16 INFO  Log4j:156 - 6
2020-08-31 17:40:16 INFO  Log4j:330 - WebElements size is on site: 14
2020-08-31 17:40:16 INFO  Log4j:340 - Both list have same size of 14
2020-08-31 17:40:16 INFO  Log4j:348 - Web element Baise Found in Excel
2020-08-31 17:40:16 INFO  Log4j:348 - Web element Beihai Found in Excel
2020-08-31 17:40:16 INFO  Log4j:348 - Web element Chongzuo Found in Excel
2020-08-31 17:40:16 INFO  Log4j:348 - Web element Fangchenggang Found in Excel
2020-08-31 17:40:16 INFO  Log4j:348 - Web element Guigang Found in Excel
2020-08-31 17:40:16 INFO  Log4j:348 - Web element Guilin Found in Excel
2020-08-31 17:40:16 INFO  Log4j:348 - Web element Hechi Found in Excel
2020-08-31 17:40:16 INFO  Log4j:348 - Web element Hezhou Found in Excel
2020-08-31 17:40:16 INFO  Log4j:348 - Web element Laibin Found in Excel
2020-08-31 17:40:16 INFO  Log4j:348 - Web element Liuzhou Found in Excel
2020-08-31 17:40:16 INFO  Log4j:348 - Web element Nanning Found in Excel
2020-08-31 17:40:16 INFO  Log4j:348 - Web element Qinzhou Found in Excel
2020-08-31 17:40:16 INFO  Log4j:348 - Web element Wuzhou Found in Excel
2020-08-31 17:40:16 INFO  Log4j:348 - Web element Yulin Found in Excel
2020-08-31 17:40:16 INFO  Log4j:356 - Excel item Baise found on site
2020-08-31 17:40:16 INFO  Log4j:356 - Excel item Beihai found on site
2020-08-31 17:40:16 INFO  Log4j:356 - Excel item Chongzuo found on site
2020-08-31 17:40:16 INFO  Log4j:356 - Excel item Fangchenggang found on site
2020-08-31 17:40:16 INFO  Log4j:356 - Excel item Guigang found on site
2020-08-31 17:40:16 INFO  Log4j:356 - Excel item Guilin found on site
2020-08-31 17:40:16 INFO  Log4j:356 - Excel item Hechi found on site
2020-08-31 17:40:16 INFO  Log4j:356 - Excel item Hezhou found on site
2020-08-31 17:40:16 INFO  Log4j:356 - Excel item Laibin found on site
2020-08-31 17:40:16 INFO  Log4j:356 - Excel item Liuzhou found on site
2020-08-31 17:40:16 INFO  Log4j:356 - Excel item Nanning found on site
2020-08-31 17:40:16 INFO  Log4j:356 - Excel item Qinzhou found on site
2020-08-31 17:40:16 INFO  Log4j:356 - Excel item Wuzhou found on site
2020-08-31 17:40:16 INFO  Log4j:356 - Excel item Yulin found on site
2020-08-31 17:40:17 INFO  Log4j:150 - Province in Excel is: Guizhou
2020-08-31 17:40:17 INFO  Log4j:151 - Prefecture Count in Excel is: 9
2020-08-31 17:40:17 INFO  Log4j:156 - 7
2020-08-31 17:40:17 INFO  Log4j:330 - WebElements size is on site: 9
2020-08-31 17:40:18 INFO  Log4j:340 - Both list have same size of 9
2020-08-31 17:40:18 INFO  Log4j:348 - Web element Anshun Found in Excel
2020-08-31 17:40:18 INFO  Log4j:348 - Web element Bijie Found in Excel
2020-08-31 17:40:18 INFO  Log4j:348 - Web element Guiyang Found in Excel
2020-08-31 17:40:18 INFO  Log4j:348 - Web element Liupanshui Found in Excel
2020-08-31 17:40:18 INFO  Log4j:348 - Web element South Guizhou Found in Excel
2020-08-31 17:40:18 INFO  Log4j:348 - Web element Southeast Guizhou Found in Excel
2020-08-31 17:40:18 INFO  Log4j:348 - Web element Southwest Guizhou Found in Excel
2020-08-31 17:40:18 INFO  Log4j:348 - Web element Tongren Found in Excel
2020-08-31 17:40:18 INFO  Log4j:348 - Web element Zunyi Found in Excel
2020-08-31 17:40:18 INFO  Log4j:356 - Excel item Anshun found on site
2020-08-31 17:40:18 INFO  Log4j:356 - Excel item Bijie found on site
2020-08-31 17:40:18 INFO  Log4j:356 - Excel item Guiyang found on site
2020-08-31 17:40:18 INFO  Log4j:356 - Excel item Liupanshui found on site
2020-08-31 17:40:18 INFO  Log4j:356 - Excel item South Guizhou found on site
2020-08-31 17:40:18 INFO  Log4j:356 - Excel item Southeast Guizhou found on site
2020-08-31 17:40:18 INFO  Log4j:356 - Excel item Southwest Guizhou found on site
2020-08-31 17:40:18 INFO  Log4j:356 - Excel item Tongren found on site
2020-08-31 17:40:18 INFO  Log4j:356 - Excel item Zunyi found on site
2020-08-31 17:40:19 INFO  Log4j:150 - Province in Excel is: Hainan
2020-08-31 17:40:19 INFO  Log4j:151 - Prefecture Count in Excel is: 18
2020-08-31 17:40:19 INFO  Log4j:156 - 8
2020-08-31 17:40:19 INFO  Log4j:330 - WebElements size is on site: 1
2020-08-31 17:40:19 ERROR Log4j:342 - ERROR : We have 18 elements in Excel but see only 1 elements on site
2020-08-31 17:40:19 INFO  Log4j:348 - Web element Sanya Found in Excel
2020-08-31 17:40:19 ERROR Log4j:358 - ERROR : We don't find Baisha in on Site
2020-08-31 17:40:19 ERROR Log4j:358 - ERROR : We don't find Baoting in on Site
2020-08-31 17:40:19 ERROR Log4j:358 - ERROR : We don't find Changjiang in on Site
2020-08-31 17:40:19 ERROR Log4j:358 - ERROR : We don't find Chengmai in on Site
2020-08-31 17:40:19 ERROR Log4j:358 - ERROR : We don't find Dingan in on Site
2020-08-31 17:40:19 ERROR Log4j:358 - ERROR : We don't find Dongfang in on Site
2020-08-31 17:40:19 ERROR Log4j:358 - ERROR : We don't find Danzhou in on Site
2020-08-31 17:40:19 ERROR Log4j:358 - ERROR : We don't find Haikou in on Site
2020-08-31 17:40:19 ERROR Log4j:358 - ERROR : We don't find Ledong in on Site
2020-08-31 17:40:19 ERROR Log4j:358 - ERROR : We don't find Lingao in on Site
2020-08-31 17:40:19 ERROR Log4j:358 - ERROR : We don't find Lingshui in on Site
2020-08-31 17:40:19 ERROR Log4j:358 - ERROR : We don't find Sansha in on Site
2020-08-31 17:40:19 INFO  Log4j:356 - Excel item Sanya found on site
2020-08-31 17:40:19 ERROR Log4j:358 - ERROR : We don't find Tunchang in on Site
2020-08-31 17:40:19 ERROR Log4j:358 - ERROR : We don't find Qionghaishi in on Site
2020-08-31 17:40:19 ERROR Log4j:358 - ERROR : We don't find Qiongzhong in on Site
2020-08-31 17:40:19 ERROR Log4j:358 - ERROR : We don't find Wenchang in on Site
2020-08-31 17:40:19 ERROR Log4j:358 - ERROR : We don't find Wuzhishan in on Site
2020-08-31 17:40:20 INFO  Log4j:150 - Province in Excel is: Hebei
2020-08-31 17:40:20 INFO  Log4j:151 - Prefecture Count in Excel is: 11
2020-08-31 17:40:20 INFO  Log4j:156 - 9
2020-08-31 17:40:20 INFO  Log4j:330 - WebElements size is on site: 11
2020-08-31 17:40:20 INFO  Log4j:340 - Both list have same size of 11
2020-08-31 17:40:20 INFO  Log4j:348 - Web element Baoding Found in Excel
2020-08-31 17:40:20 INFO  Log4j:348 - Web element Cangzhou Found in Excel
2020-08-31 17:40:20 INFO  Log4j:348 - Web element Chengde Found in Excel
2020-08-31 17:40:20 INFO  Log4j:348 - Web element Handan Found in Excel
2020-08-31 17:40:20 INFO  Log4j:348 - Web element Hengshui Found in Excel
2020-08-31 17:40:20 INFO  Log4j:348 - Web element Langfang Found in Excel
2020-08-31 17:40:20 INFO  Log4j:348 - Web element Qinhuangdao Found in Excel
2020-08-31 17:40:20 INFO  Log4j:348 - Web element Shijiazhuang Found in Excel
2020-08-31 17:40:20 INFO  Log4j:348 - Web element Tangshan Found in Excel
2020-08-31 17:40:20 INFO  Log4j:348 - Web element Xingtai Found in Excel
2020-08-31 17:40:20 INFO  Log4j:348 - Web element Zhangjiakou Found in Excel
2020-08-31 17:40:20 INFO  Log4j:356 - Excel item Baoding found on site
2020-08-31 17:40:20 INFO  Log4j:356 - Excel item Cangzhou found on site
2020-08-31 17:40:20 INFO  Log4j:356 - Excel item Chengde found on site
2020-08-31 17:40:20 INFO  Log4j:356 - Excel item Handan found on site
2020-08-31 17:40:20 INFO  Log4j:356 - Excel item Hengshui found on site
2020-08-31 17:40:20 INFO  Log4j:356 - Excel item Langfang found on site
2020-08-31 17:40:20 INFO  Log4j:356 - Excel item Qinhuangdao found on site
2020-08-31 17:40:20 INFO  Log4j:356 - Excel item Shijiazhuang found on site
2020-08-31 17:40:20 INFO  Log4j:356 - Excel item Tangshan found on site
2020-08-31 17:40:20 INFO  Log4j:356 - Excel item Xingtai found on site
2020-08-31 17:40:20 INFO  Log4j:356 - Excel item Zhangjiakou found on site
2020-08-31 17:40:22 INFO  Log4j:150 - Province in Excel is: Heilongjiang
2020-08-31 17:40:22 INFO  Log4j:151 - Prefecture Count in Excel is: 13
2020-08-31 17:40:22 INFO  Log4j:156 - 10
2020-08-31 17:40:22 INFO  Log4j:330 - WebElements size is on site: 13
2020-08-31 17:40:22 INFO  Log4j:340 - Both list have same size of 13
2020-08-31 17:40:22 INFO  Log4j:348 - Web element Daqing Found in Excel
2020-08-31 17:40:22 INFO  Log4j:348 - Web element Daxinganling Found in Excel
2020-08-31 17:40:22 INFO  Log4j:348 - Web element Harbin Found in Excel
2020-08-31 17:40:22 INFO  Log4j:348 - Web element Hegang Found in Excel
2020-08-31 17:40:22 INFO  Log4j:348 - Web element Heihe Found in Excel
2020-08-31 17:40:22 INFO  Log4j:348 - Web element Jiamusi Found in Excel
2020-08-31 17:40:22 INFO  Log4j:348 - Web element Jixi Found in Excel
2020-08-31 17:40:22 INFO  Log4j:348 - Web element Mudanjiang Found in Excel
2020-08-31 17:40:22 INFO  Log4j:348 - Web element Qiqihar Found in Excel
2020-08-31 17:40:22 INFO  Log4j:348 - Web element Qitaihe Found in Excel
2020-08-31 17:40:22 INFO  Log4j:348 - Web element Shuangyashan Found in Excel
2020-08-31 17:40:22 INFO  Log4j:348 - Web element Suihua Found in Excel
2020-08-31 17:40:22 INFO  Log4j:348 - Web element Yichun Found in Excel
2020-08-31 17:40:22 INFO  Log4j:356 - Excel item Daqing found on site
2020-08-31 17:40:22 INFO  Log4j:356 - Excel item Daxinganling found on site
2020-08-31 17:40:22 INFO  Log4j:356 - Excel item Harbin found on site
2020-08-31 17:40:22 INFO  Log4j:356 - Excel item Hegang found on site
2020-08-31 17:40:22 INFO  Log4j:356 - Excel item Heihe found on site
2020-08-31 17:40:22 INFO  Log4j:356 - Excel item Jiamusi found on site
2020-08-31 17:40:22 INFO  Log4j:356 - Excel item Jixi found on site
2020-08-31 17:40:22 INFO  Log4j:356 - Excel item Mudanjiang found on site
2020-08-31 17:40:22 INFO  Log4j:356 - Excel item Qiqihar found on site
2020-08-31 17:40:22 INFO  Log4j:356 - Excel item Qitaihe found on site
2020-08-31 17:40:22 INFO  Log4j:356 - Excel item Shuangyashan found on site
2020-08-31 17:40:22 INFO  Log4j:356 - Excel item Suihua found on site
2020-08-31 17:40:22 INFO  Log4j:356 - Excel item Yichun found on site
2020-08-31 17:40:23 INFO  Log4j:150 - Province in Excel is: Henan
2020-08-31 17:40:23 INFO  Log4j:151 - Prefecture Count in Excel is: 17
2020-08-31 17:40:23 INFO  Log4j:156 - 11
2020-08-31 17:40:23 INFO  Log4j:330 - WebElements size is on site: 17
2020-08-31 17:40:23 INFO  Log4j:340 - Both list have same size of 17
2020-08-31 17:40:23 INFO  Log4j:348 - Web element Anyang Found in Excel
2020-08-31 17:40:24 INFO  Log4j:348 - Web element Hebi Found in Excel
2020-08-31 17:40:24 INFO  Log4j:348 - Web element Jiaozuo Found in Excel
2020-08-31 17:40:24 INFO  Log4j:348 - Web element Kaifeng Found in Excel
2020-08-31 17:40:24 INFO  Log4j:348 - Web element Luohe Found in Excel
2020-08-31 17:40:24 INFO  Log4j:348 - Web element Luoyang Found in Excel
2020-08-31 17:40:24 INFO  Log4j:348 - Web element Nanyang Found in Excel
2020-08-31 17:40:24 INFO  Log4j:348 - Web element Pingdingshan Found in Excel
2020-08-31 17:40:24 INFO  Log4j:348 - Web element Puyang Found in Excel
2020-08-31 17:40:24 INFO  Log4j:348 - Web element Sanmenxia Found in Excel
2020-08-31 17:40:24 INFO  Log4j:348 - Web element Shangqiu Found in Excel
2020-08-31 17:40:24 INFO  Log4j:348 - Web element Xinxiang Found in Excel
2020-08-31 17:40:24 INFO  Log4j:348 - Web element Xinyang Found in Excel
2020-08-31 17:40:24 INFO  Log4j:348 - Web element Xuchang Found in Excel
2020-08-31 17:40:24 INFO  Log4j:348 - Web element Zhengzhou Found in Excel
2020-08-31 17:40:24 INFO  Log4j:348 - Web element Zhoukou Found in Excel
2020-08-31 17:40:24 INFO  Log4j:348 - Web element Zhumadian Found in Excel
2020-08-31 17:40:24 INFO  Log4j:356 - Excel item Anyang found on site
2020-08-31 17:40:24 INFO  Log4j:356 - Excel item Hebi found on site
2020-08-31 17:40:24 INFO  Log4j:356 - Excel item Jiaozuo found on site
2020-08-31 17:40:24 INFO  Log4j:356 - Excel item Kaifeng found on site
2020-08-31 17:40:24 INFO  Log4j:356 - Excel item Luohe found on site
2020-08-31 17:40:24 INFO  Log4j:356 - Excel item Luoyang found on site
2020-08-31 17:40:24 INFO  Log4j:356 - Excel item Nanyang found on site
2020-08-31 17:40:24 INFO  Log4j:356 - Excel item Pingdingshan found on site
2020-08-31 17:40:24 INFO  Log4j:356 - Excel item Puyang found on site
2020-08-31 17:40:24 INFO  Log4j:356 - Excel item Sanmenxia found on site
2020-08-31 17:40:24 INFO  Log4j:356 - Excel item Shangqiu found on site
2020-08-31 17:40:24 INFO  Log4j:356 - Excel item Xinxiang found on site
2020-08-31 17:40:24 INFO  Log4j:356 - Excel item Xinyang found on site
2020-08-31 17:40:24 INFO  Log4j:356 - Excel item Xuchang found on site
2020-08-31 17:40:24 INFO  Log4j:356 - Excel item Zhengzhou found on site
2020-08-31 17:40:24 INFO  Log4j:356 - Excel item Zhoukou found on site
2020-08-31 17:40:24 INFO  Log4j:356 - Excel item Zhumadian found on site
2020-08-31 17:40:25 INFO  Log4j:150 - Province in Excel is: Hubei
2020-08-31 17:40:25 INFO  Log4j:151 - Prefecture Count in Excel is: 17
2020-08-31 17:40:25 INFO  Log4j:156 - 12
2020-08-31 17:40:25 INFO  Log4j:330 - WebElements size is on site: 17
2020-08-31 17:40:25 INFO  Log4j:340 - Both list have same size of 17
2020-08-31 17:40:25 INFO  Log4j:348 - Web element Enshi Found in Excel
2020-08-31 17:40:25 INFO  Log4j:348 - Web element Ezhou Found in Excel
2020-08-31 17:40:25 INFO  Log4j:348 - Web element Huanggang Found in Excel
2020-08-31 17:40:25 INFO  Log4j:348 - Web element Huangshi Found in Excel
2020-08-31 17:40:25 INFO  Log4j:348 - Web element Jingmen Found in Excel
2020-08-31 17:40:25 INFO  Log4j:348 - Web element Jingzhou Found in Excel
2020-08-31 17:40:25 INFO  Log4j:348 - Web element Qianjiang Found in Excel
2020-08-31 17:40:25 INFO  Log4j:348 - Web element Shennongjia Found in Excel
2020-08-31 17:40:25 INFO  Log4j:348 - Web element Shiyan Found in Excel
2020-08-31 17:40:25 INFO  Log4j:348 - Web element Suizhou Found in Excel
2020-08-31 17:40:25 INFO  Log4j:348 - Web element Tianmen Found in Excel
2020-08-31 17:40:25 INFO  Log4j:348 - Web element Wuhan Found in Excel
2020-08-31 17:40:25 INFO  Log4j:348 - Web element Xiangyang Found in Excel
2020-08-31 17:40:25 INFO  Log4j:348 - Web element Xianning Found in Excel
2020-08-31 17:40:25 INFO  Log4j:348 - Web element Xiantao Found in Excel
2020-08-31 17:40:25 INFO  Log4j:348 - Web element Xiaogan Found in Excel
2020-08-31 17:40:25 INFO  Log4j:348 - Web element Yichang Found in Excel
2020-08-31 17:40:25 INFO  Log4j:356 - Excel item Enshi found on site
2020-08-31 17:40:25 INFO  Log4j:356 - Excel item Ezhou found on site
2020-08-31 17:40:25 INFO  Log4j:356 - Excel item Huanggang found on site
2020-08-31 17:40:25 INFO  Log4j:356 - Excel item Huangshi found on site
2020-08-31 17:40:25 INFO  Log4j:356 - Excel item Jingmen found on site
2020-08-31 17:40:25 INFO  Log4j:356 - Excel item Jingzhou found on site
2020-08-31 17:40:25 INFO  Log4j:356 - Excel item Qianjiang found on site
2020-08-31 17:40:25 INFO  Log4j:356 - Excel item Shennongjia found on site
2020-08-31 17:40:25 INFO  Log4j:356 - Excel item Shiyan found on site
2020-08-31 17:40:25 INFO  Log4j:356 - Excel item Suizhou found on site
2020-08-31 17:40:25 INFO  Log4j:356 - Excel item Tianmen found on site
2020-08-31 17:40:25 INFO  Log4j:356 - Excel item Wuhan found on site
2020-08-31 17:40:25 INFO  Log4j:356 - Excel item Xiangyang found on site
2020-08-31 17:40:25 INFO  Log4j:356 - Excel item Xianning found on site
2020-08-31 17:40:25 INFO  Log4j:356 - Excel item Xiantao found on site
2020-08-31 17:40:25 INFO  Log4j:356 - Excel item Xiaogan found on site
2020-08-31 17:40:25 INFO  Log4j:356 - Excel item Yichang found on site
2020-08-31 17:40:26 INFO  Log4j:150 - Province in Excel is: Hunan
2020-08-31 17:40:26 INFO  Log4j:151 - Prefecture Count in Excel is: 14
2020-08-31 17:40:26 INFO  Log4j:156 - 13
2020-08-31 17:40:26 INFO  Log4j:330 - WebElements size is on site: 13
2020-08-31 17:40:27 ERROR Log4j:342 - ERROR : We have 14 elements in Excel but see only 13 elements on site
2020-08-31 17:40:27 INFO  Log4j:348 - Web element Changde Found in Excel
2020-08-31 17:40:27 INFO  Log4j:348 - Web element Changsha Found in Excel
2020-08-31 17:40:27 INFO  Log4j:348 - Web element Chenzhou Found in Excel
2020-08-31 17:40:27 INFO  Log4j:348 - Web element Hengyang Found in Excel
2020-08-31 17:40:27 INFO  Log4j:348 - Web element Huaihua Found in Excel
2020-08-31 17:40:27 INFO  Log4j:348 - Web element Loudi Found in Excel
2020-08-31 17:40:27 INFO  Log4j:348 - Web element Shaoyang Found in Excel
2020-08-31 17:40:27 INFO  Log4j:348 - Web element West Hunan Found in Excel
2020-08-31 17:40:27 INFO  Log4j:348 - Web element Xiangtan Found in Excel
2020-08-31 17:40:27 INFO  Log4j:348 - Web element Yiyang Found in Excel
2020-08-31 17:40:27 INFO  Log4j:348 - Web element Yongzhou Found in Excel
2020-08-31 17:40:27 INFO  Log4j:348 - Web element Yueyang Found in Excel
2020-08-31 17:40:27 INFO  Log4j:348 - Web element Zhangjiajie Found in Excel
2020-08-31 17:40:27 INFO  Log4j:356 - Excel item Changde found on site
2020-08-31 17:40:27 INFO  Log4j:356 - Excel item Changsha found on site
2020-08-31 17:40:27 INFO  Log4j:356 - Excel item Chenzhou found on site
2020-08-31 17:40:27 INFO  Log4j:356 - Excel item Hengyang found on site
2020-08-31 17:40:27 INFO  Log4j:356 - Excel item Huaihua found on site
2020-08-31 17:40:27 INFO  Log4j:356 - Excel item Loudi found on site
2020-08-31 17:40:27 INFO  Log4j:356 - Excel item Shaoyang found on site
2020-08-31 17:40:27 INFO  Log4j:356 - Excel item West Hunan found on site
2020-08-31 17:40:27 INFO  Log4j:356 - Excel item Xiangtan found on site
2020-08-31 17:40:27 INFO  Log4j:356 - Excel item Yiyang found on site
2020-08-31 17:40:27 INFO  Log4j:356 - Excel item Yongzhou found on site
2020-08-31 17:40:27 INFO  Log4j:356 - Excel item Yueyang found on site
2020-08-31 17:40:27 INFO  Log4j:356 - Excel item Zhangjiajie found on site
2020-08-31 17:40:27 ERROR Log4j:358 - ERROR : We don't find Zhuzhou in on Site
2020-08-31 17:40:28 INFO  Log4j:150 - Province in Excel is: Inner Mongolia
2020-08-31 17:40:28 INFO  Log4j:151 - Prefecture Count in Excel is: 12
2020-08-31 17:40:28 INFO  Log4j:156 - 14
2020-08-31 17:40:28 INFO  Log4j:330 - WebElements size is on site: 12
2020-08-31 17:40:28 INFO  Log4j:340 - Both list have same size of 12
2020-08-31 17:40:28 INFO  Log4j:348 - Web element Alxa Found in Excel
2020-08-31 17:40:28 INFO  Log4j:348 - Web element Baotou Found in Excel
2020-08-31 17:40:28 INFO  Log4j:348 - Web element Bayannaoer Found in Excel
2020-08-31 17:40:28 INFO  Log4j:348 - Web element Chifeng Found in Excel
2020-08-31 17:40:28 INFO  Log4j:348 - Web element Erdos Found in Excel
2020-08-31 17:40:28 INFO  Log4j:348 - Web element Hohhot Found in Excel
2020-08-31 17:40:28 INFO  Log4j:348 - Web element Hulunbeier Found in Excel
2020-08-31 17:40:28 INFO  Log4j:348 - Web element Tongliao Found in Excel
2020-08-31 17:40:28 INFO  Log4j:348 - Web element Wuhai Found in Excel
2020-08-31 17:40:28 INFO  Log4j:348 - Web element Wulanchabu Found in Excel
2020-08-31 17:40:28 INFO  Log4j:348 - Web element Xilingol Found in Excel
2020-08-31 17:40:28 INFO  Log4j:348 - Web element Xingan Found in Excel
2020-08-31 17:40:28 INFO  Log4j:356 - Excel item Alxa found on site
2020-08-31 17:40:28 INFO  Log4j:356 - Excel item Baotou found on site
2020-08-31 17:40:28 INFO  Log4j:356 - Excel item Bayannaoer found on site
2020-08-31 17:40:28 INFO  Log4j:356 - Excel item Chifeng found on site
2020-08-31 17:40:28 INFO  Log4j:356 - Excel item Erdos found on site
2020-08-31 17:40:28 INFO  Log4j:356 - Excel item Hohhot found on site
2020-08-31 17:40:28 INFO  Log4j:356 - Excel item Hulunbeier found on site
2020-08-31 17:40:28 INFO  Log4j:356 - Excel item Tongliao found on site
2020-08-31 17:40:28 INFO  Log4j:356 - Excel item Wuhai found on site
2020-08-31 17:40:28 INFO  Log4j:356 - Excel item Wulanchabu found on site
2020-08-31 17:40:28 INFO  Log4j:356 - Excel item Xilingol found on site
2020-08-31 17:40:28 INFO  Log4j:356 - Excel item Xingan found on site
2020-08-31 17:40:29 INFO  Log4j:150 - Province in Excel is: Jiangsu
2020-08-31 17:40:29 INFO  Log4j:151 - Prefecture Count in Excel is: 13
2020-08-31 17:40:29 INFO  Log4j:156 - 15
2020-08-31 17:40:29 INFO  Log4j:330 - WebElements size is on site: 13
2020-08-31 17:40:30 INFO  Log4j:340 - Both list have same size of 13
2020-08-31 17:40:30 INFO  Log4j:348 - Web element Changzhou Found in Excel
2020-08-31 17:40:30 INFO  Log4j:348 - Web element Huaian Found in Excel
2020-08-31 17:40:30 INFO  Log4j:348 - Web element Lianyungang Found in Excel
2020-08-31 17:40:30 INFO  Log4j:348 - Web element Nanjing Found in Excel
2020-08-31 17:40:30 INFO  Log4j:348 - Web element Nantong Found in Excel
2020-08-31 17:40:30 INFO  Log4j:348 - Web element Suqian Found in Excel
2020-08-31 17:40:30 INFO  Log4j:348 - Web element Suzhou Found in Excel
2020-08-31 17:40:30 INFO  Log4j:348 - Web element Taizhou Found in Excel
2020-08-31 17:40:30 INFO  Log4j:348 - Web element Wuxi Found in Excel
2020-08-31 17:40:30 INFO  Log4j:348 - Web element Xuzhou Found in Excel
2020-08-31 17:40:30 INFO  Log4j:348 - Web element Yancheng Found in Excel
2020-08-31 17:40:30 INFO  Log4j:348 - Web element Yangzhou Found in Excel
2020-08-31 17:40:30 INFO  Log4j:348 - Web element Zhenjiang Found in Excel
2020-08-31 17:40:30 INFO  Log4j:356 - Excel item Changzhou found on site
2020-08-31 17:40:30 INFO  Log4j:356 - Excel item Huaian found on site
2020-08-31 17:40:30 INFO  Log4j:356 - Excel item Lianyungang found on site
2020-08-31 17:40:30 INFO  Log4j:356 - Excel item Nanjing found on site
2020-08-31 17:40:30 INFO  Log4j:356 - Excel item Nantong found on site
2020-08-31 17:40:30 INFO  Log4j:356 - Excel item Suqian found on site
2020-08-31 17:40:30 INFO  Log4j:356 - Excel item Suzhou found on site
2020-08-31 17:40:30 INFO  Log4j:356 - Excel item Taizhou found on site
2020-08-31 17:40:30 INFO  Log4j:356 - Excel item Wuxi found on site
2020-08-31 17:40:30 INFO  Log4j:356 - Excel item Xuzhou found on site
2020-08-31 17:40:30 INFO  Log4j:356 - Excel item Yancheng found on site
2020-08-31 17:40:30 INFO  Log4j:356 - Excel item Yangzhou found on site
2020-08-31 17:40:30 INFO  Log4j:356 - Excel item Zhenjiang found on site
2020-08-31 17:40:31 INFO  Log4j:150 - Province in Excel is: Jiangxi
2020-08-31 17:40:31 INFO  Log4j:151 - Prefecture Count in Excel is: 11
2020-08-31 17:40:31 INFO  Log4j:156 - 16
2020-08-31 17:40:31 INFO  Log4j:330 - WebElements size is on site: 11
2020-08-31 17:40:31 INFO  Log4j:340 - Both list have same size of 11
2020-08-31 17:40:31 INFO  Log4j:348 - Web element Fuzhou Found in Excel
2020-08-31 17:40:31 INFO  Log4j:348 - Web element Ganzhou Found in Excel
2020-08-31 17:40:31 INFO  Log4j:348 - Web element Jian Found in Excel
2020-08-31 17:40:31 INFO  Log4j:348 - Web element Jingdezhen Found in Excel
2020-08-31 17:40:31 INFO  Log4j:348 - Web element Jiujiang Found in Excel
2020-08-31 17:40:31 INFO  Log4j:348 - Web element Nanchang Found in Excel
2020-08-31 17:40:31 INFO  Log4j:348 - Web element Pingxiang Found in Excel
2020-08-31 17:40:31 INFO  Log4j:348 - Web element Shangrao Found in Excel
2020-08-31 17:40:31 INFO  Log4j:348 - Web element Xinyu Found in Excel
2020-08-31 17:40:31 INFO  Log4j:348 - Web element Yichun Found in Excel
2020-08-31 17:40:31 INFO  Log4j:348 - Web element Yingtan Found in Excel
2020-08-31 17:40:31 INFO  Log4j:356 - Excel item Fuzhou found on site
2020-08-31 17:40:31 INFO  Log4j:356 - Excel item Ganzhou found on site
2020-08-31 17:40:31 INFO  Log4j:356 - Excel item Jian found on site
2020-08-31 17:40:31 INFO  Log4j:356 - Excel item Jingdezhen found on site
2020-08-31 17:40:31 INFO  Log4j:356 - Excel item Jiujiang found on site
2020-08-31 17:40:31 INFO  Log4j:356 - Excel item Nanchang found on site
2020-08-31 17:40:31 INFO  Log4j:356 - Excel item Pingxiang found on site
2020-08-31 17:40:31 INFO  Log4j:356 - Excel item Shangrao found on site
2020-08-31 17:40:31 INFO  Log4j:356 - Excel item Xinyu found on site
2020-08-31 17:40:31 INFO  Log4j:356 - Excel item Yichun found on site
2020-08-31 17:40:31 INFO  Log4j:356 - Excel item Yingtan found on site
2020-08-31 17:40:32 INFO  Log4j:150 - Province in Excel is: Jilin
2020-08-31 17:40:32 INFO  Log4j:151 - Prefecture Count in Excel is: 9
2020-08-31 17:40:32 INFO  Log4j:156 - 17
2020-08-31 17:40:32 INFO  Log4j:330 - WebElements size is on site: 7
2020-08-31 17:40:33 ERROR Log4j:342 - ERROR : We have 9 elements in Excel but see only 7 elements on site
2020-08-31 17:40:33 INFO  Log4j:348 - Web element Baicheng Found in Excel
2020-08-31 17:40:33 INFO  Log4j:348 - Web element Baishan Found in Excel
2020-08-31 17:40:33 INFO  Log4j:348 - Web element Changchun Found in Excel
2020-08-31 17:40:33 INFO  Log4j:348 - Web element Liaoyuan Found in Excel
2020-08-31 17:40:33 INFO  Log4j:348 - Web element Siping Found in Excel
2020-08-31 17:40:33 INFO  Log4j:348 - Web element Songyuan Found in Excel
2020-08-31 17:40:33 INFO  Log4j:348 - Web element Tonghua Found in Excel
2020-08-31 17:40:33 INFO  Log4j:356 - Excel item Baicheng found on site
2020-08-31 17:40:33 INFO  Log4j:356 - Excel item Baishan found on site
2020-08-31 17:40:33 INFO  Log4j:356 - Excel item Changchun found on site
2020-08-31 17:40:33 ERROR Log4j:358 - ERROR : We don't find Jilin in on Site
2020-08-31 17:40:33 INFO  Log4j:356 - Excel item Liaoyuan found on site
2020-08-31 17:40:33 INFO  Log4j:356 - Excel item Siping found on site
2020-08-31 17:40:33 INFO  Log4j:356 - Excel item Songyuan found on site
2020-08-31 17:40:33 INFO  Log4j:356 - Excel item Tonghua found on site
2020-08-31 17:40:33 ERROR Log4j:358 - ERROR : We don't find Yanbian in on Site
2020-08-31 17:40:34 INFO  Log4j:150 - Province in Excel is: Liaoning
2020-08-31 17:40:34 INFO  Log4j:151 - Prefecture Count in Excel is: 14
2020-08-31 17:40:34 INFO  Log4j:156 - 18
2020-08-31 17:40:34 INFO  Log4j:330 - WebElements size is on site: 14
2020-08-31 17:40:34 INFO  Log4j:340 - Both list have same size of 14
2020-08-31 17:40:34 INFO  Log4j:348 - Web element Anshan Found in Excel
2020-08-31 17:40:34 INFO  Log4j:348 - Web element Benxi Found in Excel
2020-08-31 17:40:34 INFO  Log4j:348 - Web element Chaoyang Found in Excel
2020-08-31 17:40:34 INFO  Log4j:348 - Web element Dalian Found in Excel
2020-08-31 17:40:34 INFO  Log4j:348 - Web element Dandong Found in Excel
2020-08-31 17:40:34 INFO  Log4j:348 - Web element Fushun Found in Excel
2020-08-31 17:40:34 INFO  Log4j:348 - Web element Fuxin Found in Excel
2020-08-31 17:40:34 INFO  Log4j:348 - Web element Huludao Found in Excel
2020-08-31 17:40:34 INFO  Log4j:348 - Web element Jinzhou Found in Excel
2020-08-31 17:40:34 INFO  Log4j:348 - Web element Liaoyang Found in Excel
2020-08-31 17:40:34 INFO  Log4j:348 - Web element Panjin Found in Excel
2020-08-31 17:40:34 INFO  Log4j:348 - Web element Shenyang Found in Excel
2020-08-31 17:40:34 INFO  Log4j:348 - Web element Tieling Found in Excel
2020-08-31 17:40:34 INFO  Log4j:348 - Web element Yingkou Found in Excel
2020-08-31 17:40:34 INFO  Log4j:356 - Excel item Anshan found on site
2020-08-31 17:40:34 INFO  Log4j:356 - Excel item Benxi found on site
2020-08-31 17:40:34 INFO  Log4j:356 - Excel item Chaoyang found on site
2020-08-31 17:40:34 INFO  Log4j:356 - Excel item Dalian found on site
2020-08-31 17:40:34 INFO  Log4j:356 - Excel item Dandong found on site
2020-08-31 17:40:34 INFO  Log4j:356 - Excel item Fushun found on site
2020-08-31 17:40:34 INFO  Log4j:356 - Excel item Fuxin found on site
2020-08-31 17:40:34 INFO  Log4j:356 - Excel item Huludao found on site
2020-08-31 17:40:34 INFO  Log4j:356 - Excel item Jinzhou found on site
2020-08-31 17:40:34 INFO  Log4j:356 - Excel item Liaoyang found on site
2020-08-31 17:40:34 INFO  Log4j:356 - Excel item Panjin found on site
2020-08-31 17:40:34 INFO  Log4j:356 - Excel item Shenyang found on site
2020-08-31 17:40:34 INFO  Log4j:356 - Excel item Tieling found on site
2020-08-31 17:40:34 INFO  Log4j:356 - Excel item Yingkou found on site
2020-08-31 17:40:35 INFO  Log4j:150 - Province in Excel is: Ningxia
2020-08-31 17:40:35 INFO  Log4j:151 - Prefecture Count in Excel is: 5
2020-08-31 17:40:36 INFO  Log4j:156 - 19
2020-08-31 17:40:36 INFO  Log4j:330 - WebElements size is on site: 5
2020-08-31 17:40:36 INFO  Log4j:340 - Both list have same size of 5
2020-08-31 17:40:36 INFO  Log4j:348 - Web element Guyuan Found in Excel
2020-08-31 17:40:36 INFO  Log4j:348 - Web element Shizuishan Found in Excel
2020-08-31 17:40:36 INFO  Log4j:348 - Web element Wuzhong Found in Excel
2020-08-31 17:40:36 INFO  Log4j:348 - Web element Yinchuan Found in Excel
2020-08-31 17:40:36 INFO  Log4j:348 - Web element Zhongwei Found in Excel
2020-08-31 17:40:36 INFO  Log4j:356 - Excel item Guyuan found on site
2020-08-31 17:40:36 INFO  Log4j:356 - Excel item Shizuishan found on site
2020-08-31 17:40:36 INFO  Log4j:356 - Excel item Wuzhong found on site
2020-08-31 17:40:36 INFO  Log4j:356 - Excel item Yinchuan found on site
2020-08-31 17:40:36 INFO  Log4j:356 - Excel item Zhongwei found on site
2020-08-31 17:40:37 INFO  Log4j:150 - Province in Excel is: Qinghai
2020-08-31 17:40:37 INFO  Log4j:151 - Prefecture Count in Excel is: 8
2020-08-31 17:40:37 INFO  Log4j:156 - 20
2020-08-31 17:40:37 INFO  Log4j:330 - WebElements size is on site: 7
2020-08-31 17:40:37 ERROR Log4j:342 - ERROR : We have 8 elements in Excel but see only 7 elements on site
2020-08-31 17:40:37 INFO  Log4j:348 - Web element Golog Found in Excel
2020-08-31 17:40:37 INFO  Log4j:348 - Web element Haibei Found in Excel
2020-08-31 17:40:37 INFO  Log4j:348 - Web element Haidong Found in Excel
2020-08-31 17:40:37 INFO  Log4j:348 - Web element Hainan Found in Excel
2020-08-31 17:40:37 INFO  Log4j:348 - Web element Huangnan Found in Excel
2020-08-31 17:40:37 INFO  Log4j:348 - Web element Xining Found in Excel
2020-08-31 17:40:37 INFO  Log4j:348 - Web element Yushu Found in Excel
2020-08-31 17:40:37 INFO  Log4j:356 - Excel item Golog found on site
2020-08-31 17:40:37 INFO  Log4j:356 - Excel item Haibei found on site
2020-08-31 17:40:37 INFO  Log4j:356 - Excel item Haidong found on site
2020-08-31 17:40:37 INFO  Log4j:356 - Excel item Hainan found on site
2020-08-31 17:40:37 ERROR Log4j:358 - ERROR : We don't find Haixi in on Site
2020-08-31 17:40:37 INFO  Log4j:356 - Excel item Huangnan found on site
2020-08-31 17:40:37 INFO  Log4j:356 - Excel item Xining found on site
2020-08-31 17:40:37 INFO  Log4j:356 - Excel item Yushu found on site
2020-08-31 17:40:38 INFO  Log4j:150 - Province in Excel is: Shaanxi
2020-08-31 17:40:38 INFO  Log4j:151 - Prefecture Count in Excel is: 10
2020-08-31 17:40:38 INFO  Log4j:156 - 21
2020-08-31 17:40:38 INFO  Log4j:330 - WebElements size is on site: 10
2020-08-31 17:40:38 INFO  Log4j:340 - Both list have same size of 10
2020-08-31 17:40:38 INFO  Log4j:348 - Web element Ankang Found in Excel
2020-08-31 17:40:38 INFO  Log4j:348 - Web element Baoji Found in Excel
2020-08-31 17:40:38 INFO  Log4j:348 - Web element Hanzhong Found in Excel
2020-08-31 17:40:38 INFO  Log4j:348 - Web element Shangluo Found in Excel
2020-08-31 17:40:38 INFO  Log4j:348 - Web element Tongchuan Found in Excel
2020-08-31 17:40:38 INFO  Log4j:348 - Web element Weinan Found in Excel
2020-08-31 17:40:38 INFO  Log4j:348 - Web element Xian Found in Excel
2020-08-31 17:40:38 INFO  Log4j:348 - Web element Xianyang Found in Excel
2020-08-31 17:40:38 INFO  Log4j:348 - Web element Yanan Found in Excel
2020-08-31 17:40:38 INFO  Log4j:348 - Web element Yulin Found in Excel
2020-08-31 17:40:38 INFO  Log4j:356 - Excel item Ankang found on site
2020-08-31 17:40:38 INFO  Log4j:356 - Excel item Baoji found on site
2020-08-31 17:40:38 INFO  Log4j:356 - Excel item Hanzhong found on site
2020-08-31 17:40:38 INFO  Log4j:356 - Excel item Shangluo found on site
2020-08-31 17:40:38 INFO  Log4j:356 - Excel item Tongchuan found on site
2020-08-31 17:40:38 INFO  Log4j:356 - Excel item Weinan found on site
2020-08-31 17:40:38 INFO  Log4j:356 - Excel item Xian found on site
2020-08-31 17:40:38 INFO  Log4j:356 - Excel item Xianyang found on site
2020-08-31 17:40:38 INFO  Log4j:356 - Excel item Yanan found on site
2020-08-31 17:40:38 INFO  Log4j:356 - Excel item Yulin found on site
2020-08-31 17:40:40 INFO  Log4j:150 - Province in Excel is: Shandong
2020-08-31 17:40:40 INFO  Log4j:151 - Prefecture Count in Excel is: 17
2020-08-31 17:40:40 INFO  Log4j:156 - 22
2020-08-31 17:40:40 INFO  Log4j:330 - WebElements size is on site: 16
2020-08-31 17:40:40 ERROR Log4j:342 - ERROR : We have 17 elements in Excel but see only 16 elements on site
2020-08-31 17:40:40 INFO  Log4j:348 - Web element Binzhou Found in Excel
2020-08-31 17:40:40 INFO  Log4j:348 - Web element Dezhou Found in Excel
2020-08-31 17:40:40 INFO  Log4j:348 - Web element Dongying Found in Excel
2020-08-31 17:40:40 INFO  Log4j:348 - Web element Jinan Found in Excel
2020-08-31 17:40:40 INFO  Log4j:348 - Web element Jining Found in Excel
2020-08-31 17:40:40 INFO  Log4j:348 - Web element Laiwu Found in Excel
2020-08-31 17:40:40 INFO  Log4j:348 - Web element Liaocheng Found in Excel
2020-08-31 17:40:40 INFO  Log4j:348 - Web element Linyi Found in Excel
2020-08-31 17:40:40 INFO  Log4j:348 - Web element Qingdao Found in Excel
2020-08-31 17:40:40 INFO  Log4j:348 - Web element Rizhao Found in Excel
2020-08-31 17:40:40 INFO  Log4j:348 - Web element Taian Found in Excel
2020-08-31 17:40:40 INFO  Log4j:348 - Web element Weifang Found in Excel
2020-08-31 17:40:40 INFO  Log4j:348 - Web element Weihai Found in Excel
2020-08-31 17:40:40 INFO  Log4j:348 - Web element Yantai Found in Excel
2020-08-31 17:40:40 INFO  Log4j:348 - Web element Zaozhuang Found in Excel
2020-08-31 17:40:40 INFO  Log4j:348 - Web element Zibo Found in Excel
2020-08-31 17:40:40 INFO  Log4j:356 - Excel item Binzhou found on site
2020-08-31 17:40:40 INFO  Log4j:356 - Excel item Dezhou found on site
2020-08-31 17:40:40 INFO  Log4j:356 - Excel item Dongying found on site
2020-08-31 17:40:40 ERROR Log4j:358 - ERROR : We don't find Heze in on Site
2020-08-31 17:40:40 INFO  Log4j:356 - Excel item Jinan found on site
2020-08-31 17:40:40 INFO  Log4j:356 - Excel item Jining found on site
2020-08-31 17:40:40 INFO  Log4j:356 - Excel item Laiwu found on site
2020-08-31 17:40:40 INFO  Log4j:356 - Excel item Liaocheng found on site
2020-08-31 17:40:40 INFO  Log4j:356 - Excel item Linyi found on site
2020-08-31 17:40:40 INFO  Log4j:356 - Excel item Qingdao found on site
2020-08-31 17:40:40 INFO  Log4j:356 - Excel item Rizhao found on site
2020-08-31 17:40:40 INFO  Log4j:356 - Excel item Taian found on site
2020-08-31 17:40:40 INFO  Log4j:356 - Excel item Weifang found on site
2020-08-31 17:40:40 INFO  Log4j:356 - Excel item Weihai found on site
2020-08-31 17:40:40 INFO  Log4j:356 - Excel item Yantai found on site
2020-08-31 17:40:40 INFO  Log4j:356 - Excel item Zaozhuang found on site
2020-08-31 17:40:40 INFO  Log4j:356 - Excel item Zibo found on site
2020-08-31 17:40:41 INFO  Log4j:150 - Province in Excel is: Shanghai
2020-08-31 17:40:41 INFO  Log4j:151 - Prefecture Count in Excel is: 19
2020-08-31 17:40:41 INFO  Log4j:156 - 23
2020-08-31 17:40:41 INFO  Log4j:330 - WebElements size is on site: 19
2020-08-31 17:40:42 INFO  Log4j:340 - Both list have same size of 19
2020-08-31 17:40:42 INFO  Log4j:348 - Web element Baoshan Found in Excel
2020-08-31 17:40:42 INFO  Log4j:348 - Web element Changning Found in Excel
2020-08-31 17:40:42 INFO  Log4j:348 - Web element Chongming Found in Excel
2020-08-31 17:40:42 INFO  Log4j:348 - Web element Fengxian Found in Excel
2020-08-31 17:40:42 INFO  Log4j:348 - Web element Hongkou Found in Excel
2020-08-31 17:40:42 INFO  Log4j:348 - Web element Huangpu Found in Excel
2020-08-31 17:40:42 INFO  Log4j:348 - Web element Jiading Found in Excel
2020-08-31 17:40:42 INFO  Log4j:348 - Web element Jing'an Found in Excel
2020-08-31 17:40:42 INFO  Log4j:348 - Web element Jinshan Found in Excel
2020-08-31 17:40:42 INFO  Log4j:348 - Web element Luwan Found in Excel
2020-08-31 17:40:42 INFO  Log4j:348 - Web element Minhang Found in Excel
2020-08-31 17:40:42 INFO  Log4j:348 - Web element Nanhui Found in Excel
2020-08-31 17:40:42 INFO  Log4j:348 - Web element Pudong New Area Found in Excel
2020-08-31 17:40:42 INFO  Log4j:348 - Web element Putuo Found in Excel
2020-08-31 17:40:42 INFO  Log4j:348 - Web element Qingpu Found in Excel
2020-08-31 17:40:42 INFO  Log4j:348 - Web element Songjiang Found in Excel
2020-08-31 17:40:42 INFO  Log4j:348 - Web element Xuhui Found in Excel
2020-08-31 17:40:42 INFO  Log4j:348 - Web element Yangpu Found in Excel
2020-08-31 17:40:42 INFO  Log4j:348 - Web element Zhabei Found in Excel
2020-08-31 17:40:42 INFO  Log4j:356 - Excel item Baoshan found on site
2020-08-31 17:40:42 INFO  Log4j:356 - Excel item Changning found on site
2020-08-31 17:40:42 INFO  Log4j:356 - Excel item Chongming found on site
2020-08-31 17:40:42 INFO  Log4j:356 - Excel item Fengxian found on site
2020-08-31 17:40:42 INFO  Log4j:356 - Excel item Hongkou found on site
2020-08-31 17:40:42 INFO  Log4j:356 - Excel item Huangpu found on site
2020-08-31 17:40:42 INFO  Log4j:356 - Excel item Jiading found on site
2020-08-31 17:40:42 INFO  Log4j:356 - Excel item Jing'an found on site
2020-08-31 17:40:42 INFO  Log4j:356 - Excel item Jinshan found on site
2020-08-31 17:40:42 INFO  Log4j:356 - Excel item Luwan found on site
2020-08-31 17:40:42 INFO  Log4j:356 - Excel item Minhang found on site
2020-08-31 17:40:42 INFO  Log4j:356 - Excel item Nanhui found on site
2020-08-31 17:40:42 INFO  Log4j:356 - Excel item Pudong New Area found on site
2020-08-31 17:40:42 INFO  Log4j:356 - Excel item Putuo found on site
2020-08-31 17:40:42 INFO  Log4j:356 - Excel item Qingpu found on site
2020-08-31 17:40:42 INFO  Log4j:356 - Excel item Songjiang found on site
2020-08-31 17:40:42 INFO  Log4j:356 - Excel item Xuhui found on site
2020-08-31 17:40:42 INFO  Log4j:356 - Excel item Yangpu found on site
2020-08-31 17:40:42 INFO  Log4j:356 - Excel item Zhabei found on site
2020-08-31 17:40:43 INFO  Log4j:150 - Province in Excel is: Shanxi
2020-08-31 17:40:43 INFO  Log4j:151 - Prefecture Count in Excel is: 11
2020-08-31 17:40:43 INFO  Log4j:156 - 24
2020-08-31 17:40:43 INFO  Log4j:330 - WebElements size is on site: 11
2020-08-31 17:40:43 INFO  Log4j:340 - Both list have same size of 11
2020-08-31 17:40:43 INFO  Log4j:348 - Web element Changzhi Found in Excel
2020-08-31 17:40:43 INFO  Log4j:348 - Web element Datong Found in Excel
2020-08-31 17:40:43 INFO  Log4j:348 - Web element Jincheng Found in Excel
2020-08-31 17:40:43 INFO  Log4j:348 - Web element Jinzhong Found in Excel
2020-08-31 17:40:43 INFO  Log4j:348 - Web element Linfen Found in Excel
2020-08-31 17:40:43 INFO  Log4j:348 - Web element Lvliang Found in Excel
2020-08-31 17:40:43 INFO  Log4j:348 - Web element Shuozhou Found in Excel
2020-08-31 17:40:43 INFO  Log4j:348 - Web element Taiyuan Found in Excel
2020-08-31 17:40:43 INFO  Log4j:348 - Web element Xinzhou Found in Excel
2020-08-31 17:40:43 INFO  Log4j:348 - Web element Yangquan Found in Excel
2020-08-31 17:40:43 INFO  Log4j:348 - Web element Yuncheng Found in Excel
2020-08-31 17:40:43 INFO  Log4j:356 - Excel item Changzhi found on site
2020-08-31 17:40:43 INFO  Log4j:356 - Excel item Datong found on site
2020-08-31 17:40:43 INFO  Log4j:356 - Excel item Jincheng found on site
2020-08-31 17:40:43 INFO  Log4j:356 - Excel item Jinzhong found on site
2020-08-31 17:40:43 INFO  Log4j:356 - Excel item Linfen found on site
2020-08-31 17:40:43 INFO  Log4j:356 - Excel item Lvliang found on site
2020-08-31 17:40:43 INFO  Log4j:356 - Excel item Shuozhou found on site
2020-08-31 17:40:43 INFO  Log4j:356 - Excel item Taiyuan found on site
2020-08-31 17:40:43 INFO  Log4j:356 - Excel item Xinzhou found on site
2020-08-31 17:40:43 INFO  Log4j:356 - Excel item Yangquan found on site
2020-08-31 17:40:43 INFO  Log4j:356 - Excel item Yuncheng found on site
2020-08-31 17:40:44 INFO  Log4j:150 - Province in Excel is: Sichuan
2020-08-31 17:40:44 INFO  Log4j:151 - Prefecture Count in Excel is: 21
2020-08-31 17:40:44 INFO  Log4j:156 - 25
2020-08-31 17:40:45 INFO  Log4j:330 - WebElements size is on site: 20
2020-08-31 17:40:45 ERROR Log4j:342 - ERROR : We have 21 elements in Excel but see only 20 elements on site
2020-08-31 17:40:45 INFO  Log4j:348 - Web element Aba Found in Excel
2020-08-31 17:40:45 INFO  Log4j:348 - Web element Bazhong Found in Excel
2020-08-31 17:40:45 INFO  Log4j:348 - Web element Chengdu Found in Excel
2020-08-31 17:40:45 INFO  Log4j:348 - Web element Dazhou Found in Excel
2020-08-31 17:40:45 INFO  Log4j:348 - Web element Deyang Found in Excel
2020-08-31 17:40:45 INFO  Log4j:348 - Web element Ganzi Found in Excel
2020-08-31 17:40:45 INFO  Log4j:348 - Web element Guangan Found in Excel
2020-08-31 17:40:45 INFO  Log4j:348 - Web element Guangyuan Found in Excel
2020-08-31 17:40:45 INFO  Log4j:348 - Web element Leshan Found in Excel
2020-08-31 17:40:45 INFO  Log4j:348 - Web element Luzhou Found in Excel
2020-08-31 17:40:45 INFO  Log4j:348 - Web element Meishan Found in Excel
2020-08-31 17:40:45 INFO  Log4j:348 - Web element Mianyang Found in Excel
2020-08-31 17:40:45 INFO  Log4j:348 - Web element Nanchong Found in Excel
2020-08-31 17:40:45 INFO  Log4j:348 - Web element Neijiang Found in Excel
2020-08-31 17:40:45 INFO  Log4j:348 - Web element Panzhihua Found in Excel
2020-08-31 17:40:45 INFO  Log4j:348 - Web element Suining Found in Excel
2020-08-31 17:40:45 INFO  Log4j:348 - Web element Yaan Found in Excel
2020-08-31 17:40:45 INFO  Log4j:348 - Web element Yibin Found in Excel
2020-08-31 17:40:45 INFO  Log4j:348 - Web element Zigong Found in Excel
2020-08-31 17:40:45 INFO  Log4j:348 - Web element Ziyang Found in Excel
2020-08-31 17:40:45 INFO  Log4j:356 - Excel item Aba found on site
2020-08-31 17:40:45 INFO  Log4j:356 - Excel item Bazhong found on site
2020-08-31 17:40:45 INFO  Log4j:356 - Excel item Chengdu found on site
2020-08-31 17:40:45 INFO  Log4j:356 - Excel item Dazhou found on site
2020-08-31 17:40:45 INFO  Log4j:356 - Excel item Deyang found on site
2020-08-31 17:40:45 INFO  Log4j:356 - Excel item Ganzi found on site
2020-08-31 17:40:45 INFO  Log4j:356 - Excel item Guangan found on site
2020-08-31 17:40:45 INFO  Log4j:356 - Excel item Guangyuan found on site
2020-08-31 17:40:45 INFO  Log4j:356 - Excel item Leshan found on site
2020-08-31 17:40:45 ERROR Log4j:358 - ERROR : We don't find Liangshan in on Site
2020-08-31 17:40:45 INFO  Log4j:356 - Excel item Luzhou found on site
2020-08-31 17:40:45 INFO  Log4j:356 - Excel item Meishan found on site
2020-08-31 17:40:45 INFO  Log4j:356 - Excel item Mianyang found on site
2020-08-31 17:40:45 INFO  Log4j:356 - Excel item Nanchong found on site
2020-08-31 17:40:45 INFO  Log4j:356 - Excel item Neijiang found on site
2020-08-31 17:40:45 INFO  Log4j:356 - Excel item Panzhihua found on site
2020-08-31 17:40:45 INFO  Log4j:356 - Excel item Suining found on site
2020-08-31 17:40:45 INFO  Log4j:356 - Excel item Yaan found on site
2020-08-31 17:40:45 INFO  Log4j:356 - Excel item Yibin found on site
2020-08-31 17:40:45 INFO  Log4j:356 - Excel item Zigong found on site
2020-08-31 17:40:45 INFO  Log4j:356 - Excel item Ziyang found on site
2020-08-31 17:40:46 INFO  Log4j:150 - Province in Excel is: Tianjin
2020-08-31 17:40:46 INFO  Log4j:151 - Prefecture Count in Excel is: 19
2020-08-31 17:40:46 INFO  Log4j:156 - 26
2020-08-31 17:40:46 INFO  Log4j:330 - WebElements size is on site: 19
2020-08-31 17:40:47 INFO  Log4j:340 - Both list have same size of 19
2020-08-31 17:40:47 INFO  Log4j:348 - Web element Baodi Found in Excel
2020-08-31 17:40:47 INFO  Log4j:348 - Web element Beichen Found in Excel
2020-08-31 17:40:47 INFO  Log4j:348 - Web element Binhai New Area Found in Excel
2020-08-31 17:40:47 INFO  Log4j:348 - Web element Dagang Found in Excel
2020-08-31 17:40:47 INFO  Log4j:348 - Web element Dongli Found in Excel
2020-08-31 17:40:47 INFO  Log4j:348 - Web element Hangu Found in Excel
2020-08-31 17:40:47 INFO  Log4j:348 - Web element Hebei Found in Excel
2020-08-31 17:40:47 INFO  Log4j:348 - Web element Hedong Found in Excel
2020-08-31 17:40:47 INFO  Log4j:348 - Web element Heping Found in Excel
2020-08-31 17:40:47 INFO  Log4j:348 - Web element Hexi Found in Excel
2020-08-31 17:40:47 INFO  Log4j:348 - Web element Hongqiao Found in Excel
2020-08-31 17:40:47 INFO  Log4j:348 - Web element Jinghai Found in Excel
2020-08-31 17:40:47 INFO  Log4j:348 - Web element Jinnan Found in Excel
2020-08-31 17:40:47 INFO  Log4j:348 - Web element Jizhou Found in Excel
2020-08-31 17:40:47 INFO  Log4j:348 - Web element Nankai Found in Excel
2020-08-31 17:40:47 INFO  Log4j:348 - Web element Ninghe Found in Excel
2020-08-31 17:40:47 INFO  Log4j:348 - Web element Tanggu Found in Excel
2020-08-31 17:40:47 INFO  Log4j:348 - Web element Wuqing Found in Excel
2020-08-31 17:40:47 INFO  Log4j:348 - Web element Xiqing Found in Excel
2020-08-31 17:40:47 INFO  Log4j:356 - Excel item Baodi found on site
2020-08-31 17:40:47 INFO  Log4j:356 - Excel item Beichen found on site
2020-08-31 17:40:47 INFO  Log4j:356 - Excel item Binhai New Area found on site
2020-08-31 17:40:47 INFO  Log4j:356 - Excel item Dagang found on site
2020-08-31 17:40:47 INFO  Log4j:356 - Excel item Dongli found on site
2020-08-31 17:40:47 INFO  Log4j:356 - Excel item Hangu found on site
2020-08-31 17:40:47 INFO  Log4j:356 - Excel item Hebei found on site
2020-08-31 17:40:47 INFO  Log4j:356 - Excel item Hedong found on site
2020-08-31 17:40:47 INFO  Log4j:356 - Excel item Heping found on site
2020-08-31 17:40:47 INFO  Log4j:356 - Excel item Hexi found on site
2020-08-31 17:40:47 INFO  Log4j:356 - Excel item Hongqiao found on site
2020-08-31 17:40:47 INFO  Log4j:356 - Excel item Jinghai found on site
2020-08-31 17:40:47 INFO  Log4j:356 - Excel item Jinnan found on site
2020-08-31 17:40:47 INFO  Log4j:356 - Excel item Jizhou found on site
2020-08-31 17:40:47 INFO  Log4j:356 - Excel item Nankai found on site
2020-08-31 17:40:47 INFO  Log4j:356 - Excel item Ninghe found on site
2020-08-31 17:40:47 INFO  Log4j:356 - Excel item Tanggu found on site
2020-08-31 17:40:47 INFO  Log4j:356 - Excel item Wuqing found on site
2020-08-31 17:40:47 INFO  Log4j:356 - Excel item Xiqing found on site
2020-08-31 17:40:48 INFO  Log4j:150 - Province in Excel is: Tibet
2020-08-31 17:40:48 INFO  Log4j:151 - Prefecture Count in Excel is: 7
2020-08-31 17:40:48 INFO  Log4j:156 - 27
2020-08-31 17:40:48 INFO  Log4j:330 - WebElements size is on site: 7
2020-08-31 17:40:48 INFO  Log4j:340 - Both list have same size of 7
2020-08-31 17:40:48 INFO  Log4j:348 - Web element Lhasa Found in Excel
2020-08-31 17:40:48 INFO  Log4j:348 - Web element Lhokha Found in Excel
2020-08-31 17:40:48 INFO  Log4j:348 - Web element Narqu Found in Excel
2020-08-31 17:40:48 INFO  Log4j:348 - Web element Ngri Found in Excel
2020-08-31 17:40:48 INFO  Log4j:348 - Web element Nyingchi Found in Excel
2020-08-31 17:40:48 INFO  Log4j:348 - Web element Qamdu Found in Excel
2020-08-31 17:40:48 INFO  Log4j:348 - Web element Xigaze Found in Excel
2020-08-31 17:40:48 INFO  Log4j:356 - Excel item Lhasa found on site
2020-08-31 17:40:48 INFO  Log4j:356 - Excel item Lhokha found on site
2020-08-31 17:40:48 INFO  Log4j:356 - Excel item Narqu found on site
2020-08-31 17:40:48 INFO  Log4j:356 - Excel item Ngri found on site
2020-08-31 17:40:48 INFO  Log4j:356 - Excel item Nyingchi found on site
2020-08-31 17:40:48 INFO  Log4j:356 - Excel item Qamdu found on site
2020-08-31 17:40:48 INFO  Log4j:356 - Excel item Xigaze found on site
2020-08-31 17:40:49 INFO  Log4j:150 - Province in Excel is: Xinjiang
2020-08-31 17:40:49 INFO  Log4j:151 - Prefecture Count in Excel is: 24
2020-08-31 17:40:49 INFO  Log4j:156 - 28
2020-08-31 17:40:49 INFO  Log4j:330 - WebElements size is on site: 18
2020-08-31 17:40:50 ERROR Log4j:342 - ERROR : We have 24 elements in Excel but see only 18 elements on site
2020-08-31 17:40:50 INFO  Log4j:348 - Web element Aksu Found in Excel
2020-08-31 17:40:50 INFO  Log4j:348 - Web element Alaer Found in Excel
2020-08-31 17:40:50 INFO  Log4j:348 - Web element Altay Found in Excel
2020-08-31 17:40:50 INFO  Log4j:348 - Web element Bayingolin Found in Excel
2020-08-31 17:40:50 ERROR Log4j:350 - ERROR : We don't find Bortala in Excel
2020-08-31 17:40:50 INFO  Log4j:348 - Web element Changji Found in Excel
2020-08-31 17:40:50 INFO  Log4j:348 - Web element Hami Found in Excel
2020-08-31 17:40:50 INFO  Log4j:348 - Web element Hotan Found in Excel
2020-08-31 17:40:50 INFO  Log4j:348 - Web element Ili Kazak Found in Excel
2020-08-31 17:40:50 INFO  Log4j:348 - Web element Karamay Found in Excel
2020-08-31 17:40:50 INFO  Log4j:348 - Web element Kashi Found in Excel
2020-08-31 17:40:50 INFO  Log4j:348 - Web element Kizilsu Kirgiz Found in Excel
2020-08-31 17:40:50 INFO  Log4j:348 - Web element Shihezi Found in Excel
2020-08-31 17:40:50 INFO  Log4j:348 - Web element Tacheng Found in Excel
2020-08-31 17:40:50 INFO  Log4j:348 - Web element Tumushuke Found in Excel
2020-08-31 17:40:50 INFO  Log4j:348 - Web element Turpan Found in Excel
2020-08-31 17:40:50 INFO  Log4j:348 - Web element Urumqi Found in Excel
2020-08-31 17:40:50 INFO  Log4j:348 - Web element Wujiaqu Found in Excel
2020-08-31 17:40:50 INFO  Log4j:356 - Excel item Aksu found on site
2020-08-31 17:40:50 INFO  Log4j:356 - Excel item Alaer found on site
2020-08-31 17:40:50 INFO  Log4j:356 - Excel item Altay found on site
2020-08-31 17:40:50 INFO  Log4j:356 - Excel item Bayingolin found on site
2020-08-31 17:40:50 ERROR Log4j:358 - ERROR : We don't find Beitun in on Site
2020-08-31 17:40:50 ERROR Log4j:358 - ERROR : We don't find Borta in on Site
2020-08-31 17:40:50 INFO  Log4j:356 - Excel item Changji found on site
2020-08-31 17:40:50 INFO  Log4j:356 - Excel item Hami found on site
2020-08-31 17:40:50 INFO  Log4j:356 - Excel item Hotan found on site
2020-08-31 17:40:50 ERROR Log4j:358 - ERROR : We don't find Huyanghe in on Site
2020-08-31 17:40:50 INFO  Log4j:356 - Excel item Ili Kazak found on site
2020-08-31 17:40:50 INFO  Log4j:356 - Excel item Karamay found on site
2020-08-31 17:40:50 INFO  Log4j:356 - Excel item Kashi found on site
2020-08-31 17:40:50 ERROR Log4j:358 - ERROR : We don't find Kekedala in on Site
2020-08-31 17:40:50 INFO  Log4j:356 - Excel item Kizilsu Kirgiz found on site
2020-08-31 17:40:50 ERROR Log4j:358 - ERROR : We don't find Kunyu in on Site
2020-08-31 17:40:50 INFO  Log4j:356 - Excel item Shihezi found on site
2020-08-31 17:40:50 ERROR Log4j:358 - ERROR : We don't find Shuanghe in on Site
2020-08-31 17:40:50 INFO  Log4j:356 - Excel item Tacheng found on site
2020-08-31 17:40:50 ERROR Log4j:358 - ERROR : We don't find Tiemenguan in on Site
2020-08-31 17:40:50 INFO  Log4j:356 - Excel item Tumushuke found on site
2020-08-31 17:40:50 INFO  Log4j:356 - Excel item Turpan found on site
2020-08-31 17:40:50 INFO  Log4j:356 - Excel item Urumqi found on site
2020-08-31 17:40:50 INFO  Log4j:356 - Excel item Wujiaqu found on site
2020-08-31 17:40:51 INFO  Log4j:150 - Province in Excel is: Yunnan
2020-08-31 17:40:51 INFO  Log4j:151 - Prefecture Count in Excel is: 16
2020-08-31 17:40:51 INFO  Log4j:156 - 29
2020-08-31 17:40:51 INFO  Log4j:330 - WebElements size is on site: 16
2020-08-31 17:40:51 INFO  Log4j:340 - Both list have same size of 16
2020-08-31 17:40:51 INFO  Log4j:348 - Web element Baoshan Found in Excel
2020-08-31 17:40:51 INFO  Log4j:348 - Web element Chuxiong Found in Excel
2020-08-31 17:40:51 INFO  Log4j:348 - Web element Dali Found in Excel
2020-08-31 17:40:51 INFO  Log4j:348 - Web element Dehong Found in Excel
2020-08-31 17:40:51 INFO  Log4j:348 - Web element Diqing Found in Excel
2020-08-31 17:40:51 INFO  Log4j:348 - Web element Honghe Found in Excel
2020-08-31 17:40:51 INFO  Log4j:348 - Web element Kunming Found in Excel
2020-08-31 17:40:51 INFO  Log4j:348 - Web element Lijiang Found in Excel
2020-08-31 17:40:51 INFO  Log4j:348 - Web element Lincang Found in Excel
2020-08-31 17:40:51 INFO  Log4j:348 - Web element Nujiang Found in Excel
2020-08-31 17:40:51 INFO  Log4j:348 - Web element Puer Found in Excel
2020-08-31 17:40:51 INFO  Log4j:348 - Web element Qujing Found in Excel
2020-08-31 17:40:51 INFO  Log4j:348 - Web element Wenshan Found in Excel
2020-08-31 17:40:51 INFO  Log4j:348 - Web element Xishuangbanna Found in Excel
2020-08-31 17:40:51 INFO  Log4j:348 - Web element Yuxi Found in Excel
2020-08-31 17:40:51 INFO  Log4j:348 - Web element Zhaotong Found in Excel
2020-08-31 17:40:51 INFO  Log4j:356 - Excel item Baoshan found on site
2020-08-31 17:40:51 INFO  Log4j:356 - Excel item Chuxiong found on site
2020-08-31 17:40:51 INFO  Log4j:356 - Excel item Dali found on site
2020-08-31 17:40:51 INFO  Log4j:356 - Excel item Dehong found on site
2020-08-31 17:40:51 INFO  Log4j:356 - Excel item Diqing found on site
2020-08-31 17:40:51 INFO  Log4j:356 - Excel item Honghe found on site
2020-08-31 17:40:51 INFO  Log4j:356 - Excel item Kunming found on site
2020-08-31 17:40:51 INFO  Log4j:356 - Excel item Lijiang found on site
2020-08-31 17:40:51 INFO  Log4j:356 - Excel item Lincang found on site
2020-08-31 17:40:51 INFO  Log4j:356 - Excel item Nujiang found on site
2020-08-31 17:40:51 INFO  Log4j:356 - Excel item Puer found on site
2020-08-31 17:40:51 INFO  Log4j:356 - Excel item Qujing found on site
2020-08-31 17:40:51 INFO  Log4j:356 - Excel item Wenshan found on site
2020-08-31 17:40:51 INFO  Log4j:356 - Excel item Xishuangbanna found on site
2020-08-31 17:40:51 INFO  Log4j:356 - Excel item Yuxi found on site
2020-08-31 17:40:51 INFO  Log4j:356 - Excel item Zhaotong found on site
2020-08-31 17:40:53 INFO  Log4j:150 - Province in Excel is: Zhejiang
2020-08-31 17:40:53 INFO  Log4j:151 - Prefecture Count in Excel is: 11
2020-08-31 17:40:53 INFO  Log4j:156 - 30
2020-08-31 17:40:53 INFO  Log4j:330 - WebElements size is on site: 11
2020-08-31 17:40:53 INFO  Log4j:340 - Both list have same size of 11
2020-08-31 17:40:53 INFO  Log4j:348 - Web element Hangzhou Found in Excel
2020-08-31 17:40:53 INFO  Log4j:348 - Web element Huzhou Found in Excel
2020-08-31 17:40:53 INFO  Log4j:348 - Web element Jiaxing Found in Excel
2020-08-31 17:40:53 INFO  Log4j:348 - Web element Jinhua Found in Excel
2020-08-31 17:40:53 INFO  Log4j:348 - Web element Lishui Found in Excel
2020-08-31 17:40:53 INFO  Log4j:348 - Web element Ningbo Found in Excel
2020-08-31 17:40:53 INFO  Log4j:348 - Web element Quzhou Found in Excel
2020-08-31 17:40:53 INFO  Log4j:348 - Web element Shaoxing Found in Excel
2020-08-31 17:40:53 INFO  Log4j:348 - Web element Taizhou Found in Excel
2020-08-31 17:40:53 INFO  Log4j:348 - Web element Wenzhou Found in Excel
2020-08-31 17:40:53 INFO  Log4j:348 - Web element Zhoushan Found in Excel
2020-08-31 17:40:53 INFO  Log4j:356 - Excel item Hangzhou found on site
2020-08-31 17:40:53 INFO  Log4j:356 - Excel item Huzhou found on site
2020-08-31 17:40:53 INFO  Log4j:356 - Excel item Jiaxing found on site
2020-08-31 17:40:53 INFO  Log4j:356 - Excel item Jinhua found on site
2020-08-31 17:40:53 INFO  Log4j:356 - Excel item Lishui found on site
2020-08-31 17:40:53 INFO  Log4j:356 - Excel item Ningbo found on site
2020-08-31 17:40:53 INFO  Log4j:356 - Excel item Quzhou found on site
2020-08-31 17:40:53 INFO  Log4j:356 - Excel item Shaoxing found on site
2020-08-31 17:40:53 INFO  Log4j:356 - Excel item Taizhou found on site
2020-08-31 17:40:53 INFO  Log4j:356 - Excel item Wenzhou found on site
2020-08-31 17:40:53 INFO  Log4j:356 - Excel item Zhoushan found on site
2020-08-31 17:40:53 INFO  Log4j:59 - 
Inside TestNG > @AfterSuite
2020-08-31 17:40:53 INFO  Log4j:62 - 
 CLOSING THE BROWSER WE YOU GO
